[.]
/mnt/sda4/Reserv/orca-2014/Diazo-2017/Diazo-STN
[./g-dop]
/mnt/sda4/Reserv/orca-2014/Diazo-2017/Diazo-STN/g-dop
1-CH3-C2H5-N2+-UB3LYP-aug-cc-pVDZ-Singlet.gjf renamed as 1-CH3-C2H4-N2+-UB3LYP-aug-cc-pVDZ-Singlet.gjf
1-CH3-C2H5+-UB3LYP-aug-cc-pVDZ-Singlet.gjf renamed as 1-CH3-C2H4+-UB3LYP-aug-cc-pVDZ-Singlet.gjf
1,2-(CH3)2-C2H5-N2+-UB3LYP-aug-cc-pVDZ-Singlet.gjf renamed as 1,2-(CH3)2-C2H3-N2+-UB3LYP-aug-cc-pVDZ-Singlet.gjf
1,2-(CH3)2-C2H5+-UB3LYP-aug-cc-pVDZ-Singlet.gjf renamed as 1,2-(CH3)2-C2H3+-UB3LYP-aug-cc-pVDZ-Singlet.gjf
[./ion]
/mnt/sda4/Reserv/orca-2014/Diazo-2017/Diazo-STN/ion
[./ion/src]
/mnt/sda4/Reserv/orca-2014/Diazo-2017/Diazo-STN/ion/src
1-CH3-C2H5.mol renamed as 1-CH3-C2H4.mol
1-CH3-C2H5-N2.mol renamed as 1-CH3-C2H4-N2.mol
1,2-(CH3)2-C2H5.mol renamed as 1,2-(CH3)2-C2H3.mol
1,2-(CH3)2-C2H5-N2.mol renamed as 1,2-(CH3)2-C2H3-N2.mol
[./ion/inp-gaussian]
/mnt/sda4/Reserv/orca-2014/Diazo-2017/Diazo-STN/ion/inp-gaussian
1-CH3-C2H5-N2-RB3LYP-aug-cc-pVDZ-Doublet.gjf renamed as 1-CH3-C2H4-N2-RB3LYP-aug-cc-pVDZ-Doublet.gjf
1-CH3-C2H5-N2-UB3LYP-aug-cc-pVDZ-Doublet.gjf renamed as 1-CH3-C2H4-N2-UB3LYP-aug-cc-pVDZ-Doublet.gjf
1-CH3-C2H5-RB3LYP-aug-cc-pVDZ-Doublet.gjf renamed as 1-CH3-C2H4-RB3LYP-aug-cc-pVDZ-Doublet.gjf
1-CH3-C2H5-UB3LYP-aug-cc-pVDZ-Doublet.gjf renamed as 1-CH3-C2H4-UB3LYP-aug-cc-pVDZ-Doublet.gjf
1,2-(CH3)2-C2H5-N2-RB3LYP-aug-cc-pVDZ-Doublet.gjf renamed as 1,2-(CH3)2-C2H3-N2-RB3LYP-aug-cc-pVDZ-Doublet.gjf
1,2-(CH3)2-C2H5-N2-UB3LYP-aug-cc-pVDZ-Doublet.gjf renamed as 1,2-(CH3)2-C2H3-N2-UB3LYP-aug-cc-pVDZ-Doublet.gjf
1,2-(CH3)2-C2H5-RB3LYP-aug-cc-pVDZ-Doublet.gjf renamed as 1,2-(CH3)2-C2H3-RB3LYP-aug-cc-pVDZ-Doublet.gjf
1,2-(CH3)2-C2H5-UB3LYP-aug-cc-pVDZ-Doublet.gjf renamed as 1,2-(CH3)2-C2H3-UB3LYP-aug-cc-pVDZ-Doublet.gjf
[./next-gaussian]
/mnt/sda4/Reserv/orca-2014/Diazo-2017/Diazo-STN/next-gaussian
1-CH3-C2H5-N2+-UB3LYP-aug-cc-pVDZ-Triplet.log renamed as 1-CH3-C2H4-N2+-UB3LYP-aug-cc-pVDZ-Triplet.log
[./next-gaussian/Continue]
/mnt/sda4/Reserv/orca-2014/Diazo-2017/Diazo-STN/next-gaussian/Continue
1-CH3-C2H5-N2+-UB3LYP-aug-cc-pVDZ-Triplet.gjf renamed as 1-CH3-C2H4-N2+-UB3LYP-aug-cc-pVDZ-Triplet.gjf
[./td-diazo-stn]
/mnt/sda4/Reserv/orca-2014/Diazo-2017/Diazo-STN/td-diazo-stn
[./td-diazo-stn/exp]
/mnt/sda4/Reserv/orca-2014/Diazo-2017/Diazo-STN/td-diazo-stn/exp
[./td-diazo-stn/out]
/mnt/sda4/Reserv/orca-2014/Diazo-2017/Diazo-STN/td-diazo-stn/out
[./td-diazo-stn/out/xz]
/mnt/sda4/Reserv/orca-2014/Diazo-2017/Diazo-STN/td-diazo-stn/out/xz
[./td-diazo-stn/script]
/mnt/sda4/Reserv/orca-2014/Diazo-2017/Diazo-STN/td-diazo-stn/script
[./td-diazo-stn/inp]
/mnt/sda4/Reserv/orca-2014/Diazo-2017/Diazo-STN/td-diazo-stn/inp
[./td-diazo-stn/mol]
/mnt/sda4/Reserv/orca-2014/Diazo-2017/Diazo-STN/td-diazo-stn/mol
[./td-diazo-stn/Diazo-SE]
/mnt/sda4/Reserv/orca-2014/Diazo-2017/Diazo-STN/td-diazo-stn/Diazo-SE
[./td-diazo-stn/Diazo-SE/out]
/mnt/sda4/Reserv/orca-2014/Diazo-2017/Diazo-STN/td-diazo-stn/Diazo-SE/out
[./td-diazo-stn/Diazo-SE/img]
/mnt/sda4/Reserv/orca-2014/Diazo-2017/Diazo-STN/td-diazo-stn/Diazo-SE/img
[./td-diazo-stn/Diazo-SE/mol]
/mnt/sda4/Reserv/orca-2014/Diazo-2017/Diazo-STN/td-diazo-stn/Diazo-SE/mol
[./td-diazo-stn/Diazo-SE/prop]
/mnt/sda4/Reserv/orca-2014/Diazo-2017/Diazo-STN/td-diazo-stn/Diazo-SE/prop
[./td-diazo-stn/Diazo-S-T]
/mnt/sda4/Reserv/orca-2014/Diazo-2017/Diazo-STN/td-diazo-stn/Diazo-S-T
[./td-diazo-stn/Diazo-S-T/out]
/mnt/sda4/Reserv/orca-2014/Diazo-2017/Diazo-STN/td-diazo-stn/Diazo-S-T/out
[./td-diazo-stn/Diazo-S-T/img]
/mnt/sda4/Reserv/orca-2014/Diazo-2017/Diazo-STN/td-diazo-stn/Diazo-S-T/img
[./td-diazo-stn/Diazo-S-T/mol]
/mnt/sda4/Reserv/orca-2014/Diazo-2017/Diazo-STN/td-diazo-stn/Diazo-S-T/mol
[./td-diazo-stn/Diazo-S-T/prop]
/mnt/sda4/Reserv/orca-2014/Diazo-2017/Diazo-STN/td-diazo-stn/Diazo-S-T/prop
[./td-diazo-stn/Diazo+N2]
/mnt/sda4/Reserv/orca-2014/Diazo-2017/Diazo-STN/td-diazo-stn/Diazo+N2
[./td-diazo-stn/Diazo+N2/out]
/mnt/sda4/Reserv/orca-2014/Diazo-2017/Diazo-STN/td-diazo-stn/Diazo+N2/out
[./td-diazo-stn/Diazo+N2/img]
/mnt/sda4/Reserv/orca-2014/Diazo-2017/Diazo-STN/td-diazo-stn/Diazo+N2/img
[./td-diazo-stn/Diazo+N2/mol]
/mnt/sda4/Reserv/orca-2014/Diazo-2017/Diazo-STN/td-diazo-stn/Diazo+N2/mol
[./td-diazo-stn/Diazo+N2/prop]
/mnt/sda4/Reserv/orca-2014/Diazo-2017/Diazo-STN/td-diazo-stn/Diazo+N2/prop
[./td-diazo-stn/prop]
/mnt/sda4/Reserv/orca-2014/Diazo-2017/Diazo-STN/td-diazo-stn/prop
[./td-diazo-stn/Diazo+N2-Plot]
/mnt/sda4/Reserv/orca-2014/Diazo-2017/Diazo-STN/td-diazo-stn/Diazo+N2-Plot
[./td-diazo-stn/Diazo+N2-Plot/prop]
/mnt/sda4/Reserv/orca-2014/Diazo-2017/Diazo-STN/td-diazo-stn/Diazo+N2-Plot/prop
[./td-diazo-stn/cont]
/mnt/sda4/Reserv/orca-2014/Diazo-2017/Diazo-STN/td-diazo-stn/cont
[./td-diazo-stn/td]
/mnt/sda4/Reserv/orca-2014/Diazo-2017/Diazo-STN/td-diazo-stn/td
[./r-gaussian]
/mnt/sda4/Reserv/orca-2014/Diazo-2017/Diazo-STN/r-gaussian
1,2-(CH3)2-C2H5-N2+-RB3LYP-aug-cc-pVDZ-Singlet.gjf renamed as 1,2-(CH3)2-C2H3-N2+-RB3LYP-aug-cc-pVDZ-Singlet.gjf
1,2-(CH3)2-C2H5-N2+-RB3LYP-aug-cc-pVDZ-Singlet.log renamed as 1,2-(CH3)2-C2H3-N2+-RB3LYP-aug-cc-pVDZ-Singlet.log
[./r-gaussian/new]
/mnt/sda4/Reserv/orca-2014/Diazo-2017/Diazo-STN/r-gaussian/new
1-CH3-C2H5-N2+-UB3LYP-aug-cc-pVDZ-Triplet.chk renamed as 1-CH3-C2H4-N2+-UB3LYP-aug-cc-pVDZ-Triplet.chk
1-CH3-C2H5-N2+-UB3LYP-aug-cc-pVDZ-Triplet.log renamed as 1-CH3-C2H4-N2+-UB3LYP-aug-cc-pVDZ-Triplet.log
1,2-(CH3)2-C2H5-N2+-RB3LYP-aug-cc-pVDZ-Singlet.log renamed as 1,2-(CH3)2-C2H3-N2+-RB3LYP-aug-cc-pVDZ-Singlet.log
1,2-(CH3)2-C2H5-N2+-UB3LYP-aug-cc-pVDZ-Triplet.log renamed as 1,2-(CH3)2-C2H3-N2+-UB3LYP-aug-cc-pVDZ-Triplet.log
1,2-(CH3)2-C2H5+-RB3LYP-aug-cc-pVDZ-Singlet.log renamed as 1,2-(CH3)2-C2H3+-RB3LYP-aug-cc-pVDZ-Singlet.log
1,2-(CH3)2-C2H5+-UB3LYP-aug-cc-pVDZ-Triplet.log renamed as 1,2-(CH3)2-C2H3+-UB3LYP-aug-cc-pVDZ-Triplet.log
[./r-gaussian/new/Continue]
/mnt/sda4/Reserv/orca-2014/Diazo-2017/Diazo-STN/r-gaussian/new/Continue
1-CH3-C2H5-N2+-UB3LYP-aug-cc-pVDZ-Triplet.gjf renamed as 1-CH3-C2H4-N2+-UB3LYP-aug-cc-pVDZ-Triplet.gjf
1,2-(CH3)2-C2H5-N2+-RB3LYP-aug-cc-pVDZ-Singlet.gjf renamed as 1,2-(CH3)2-C2H3-N2+-RB3LYP-aug-cc-pVDZ-Singlet.gjf
1,2-(CH3)2-C2H5-N2+-UB3LYP-aug-cc-pVDZ-Triplet.gjf renamed as 1,2-(CH3)2-C2H3-N2+-UB3LYP-aug-cc-pVDZ-Triplet.gjf
1,2-(CH3)2-C2H5+-RB3LYP-aug-cc-pVDZ-Singlet.gjf renamed as 1,2-(CH3)2-C2H3+-RB3LYP-aug-cc-pVDZ-Singlet.gjf
1,2-(CH3)2-C2H5+-UB3LYP-aug-cc-pVDZ-Triplet.gjf renamed as 1,2-(CH3)2-C2H3+-UB3LYP-aug-cc-pVDZ-Triplet.gjf
[./r-gaussian/solv]
/mnt/sda4/Reserv/orca-2014/Diazo-2017/Diazo-STN/r-gaussian/solv
1-CH3-C2H5-N2+-RB3LYP-aug-cc-pVDZ-Singlet.chk renamed as 1-CH3-C2H4-N2+-RB3LYP-aug-cc-pVDZ-Singlet.chk
1-CH3-C2H5-N2+-RB3LYP-aug-cc-pVDZ-Singlet-Water.gjf renamed as 1-CH3-C2H4-N2+-RB3LYP-aug-cc-pVDZ-Singlet-Water.gjf
1-CH3-C2H5-N2+-RB3LYP-aug-cc-pVDZ-Singlet-Water.log renamed as 1-CH3-C2H4-N2+-RB3LYP-aug-cc-pVDZ-Singlet-Water.log
1-CH3-C2H5-N2+-UB3LYP-aug-cc-pVDZ-Singlet.chk renamed as 1-CH3-C2H4-N2+-UB3LYP-aug-cc-pVDZ-Singlet.chk
1-CH3-C2H5-N2+-UB3LYP-aug-cc-pVDZ-Singlet-Water.gjf renamed as 1-CH3-C2H4-N2+-UB3LYP-aug-cc-pVDZ-Singlet-Water.gjf
1-CH3-C2H5-N2+-UB3LYP-aug-cc-pVDZ-Singlet-Water.log renamed as 1-CH3-C2H4-N2+-UB3LYP-aug-cc-pVDZ-Singlet-Water.log
1-CH3-C2H5-N2+-UB3LYP-aug-cc-pVDZ-Triplet.chk renamed as 1-CH3-C2H4-N2+-UB3LYP-aug-cc-pVDZ-Triplet.chk
1-CH3-C2H5-N2+-UB3LYP-aug-cc-pVDZ-Triplet-Water.gjf renamed as 1-CH3-C2H4-N2+-UB3LYP-aug-cc-pVDZ-Triplet-Water.gjf
1-CH3-C2H5-N2+-UB3LYP-aug-cc-pVDZ-Triplet-Water.log renamed as 1-CH3-C2H4-N2+-UB3LYP-aug-cc-pVDZ-Triplet-Water.log
1-CH3-C2H5+-RB3LYP-aug-cc-pVDZ-Singlet.chk renamed as 1-CH3-C2H4+-RB3LYP-aug-cc-pVDZ-Singlet.chk
1-CH3-C2H5+-RB3LYP-aug-cc-pVDZ-Singlet-Water.gjf renamed as 1-CH3-C2H4+-RB3LYP-aug-cc-pVDZ-Singlet-Water.gjf
1-CH3-C2H5+-RB3LYP-aug-cc-pVDZ-Singlet-Water.log renamed as 1-CH3-C2H4+-RB3LYP-aug-cc-pVDZ-Singlet-Water.log
1-CH3-C2H5+-UB3LYP-aug-cc-pVDZ-Singlet.chk renamed as 1-CH3-C2H4+-UB3LYP-aug-cc-pVDZ-Singlet.chk
1-CH3-C2H5+-UB3LYP-aug-cc-pVDZ-Singlet-Water.gjf renamed as 1-CH3-C2H4+-UB3LYP-aug-cc-pVDZ-Singlet-Water.gjf
1-CH3-C2H5+-UB3LYP-aug-cc-pVDZ-Singlet-Water.log renamed as 1-CH3-C2H4+-UB3LYP-aug-cc-pVDZ-Singlet-Water.log
1-CH3-C2H5+-UB3LYP-aug-cc-pVDZ-Triplet.chk renamed as 1-CH3-C2H4+-UB3LYP-aug-cc-pVDZ-Triplet.chk
1-CH3-C2H5+-UB3LYP-aug-cc-pVDZ-Triplet-Water.gjf renamed as 1-CH3-C2H4+-UB3LYP-aug-cc-pVDZ-Triplet-Water.gjf
1-CH3-C2H5+-UB3LYP-aug-cc-pVDZ-Triplet-Water.log renamed as 1-CH3-C2H4+-UB3LYP-aug-cc-pVDZ-Triplet-Water.log
1,2-(CH3)2-C2H5-N2+-RB3LYP-aug-cc-pVDZ-Singlet-Water.log renamed as 1,2-(CH3)2-C2H3-N2+-RB3LYP-aug-cc-pVDZ-Singlet-Water.log
1,2-(CH3)2-C2H5-N2+-UB3LYP-aug-cc-pVDZ-Singlet-Water.gjf renamed as 1,2-(CH3)2-C2H3-N2+-UB3LYP-aug-cc-pVDZ-Singlet-Water.gjf
1,2-(CH3)2-C2H5-N2+-UB3LYP-aug-cc-pVDZ-Singlet-Water.log renamed as 1,2-(CH3)2-C2H3-N2+-UB3LYP-aug-cc-pVDZ-Singlet-Water.log
1,2-(CH3)2-C2H5-N2+-UB3LYP-aug-cc-pVDZ-Triplet-Water.log renamed as 1,2-(CH3)2-C2H3-N2+-UB3LYP-aug-cc-pVDZ-Triplet-Water.log
1,2-(CH3)2-C2H5+-RB3LYP-aug-cc-pVDZ-Singlet-Water.log renamed as 1,2-(CH3)2-C2H3+-RB3LYP-aug-cc-pVDZ-Singlet-Water.log
1,2-(CH3)2-C2H5+-UB3LYP-aug-cc-pVDZ-Singlet-Water.gjf renamed as 1,2-(CH3)2-C2H3+-UB3LYP-aug-cc-pVDZ-Singlet-Water.gjf
1,2-(CH3)2-C2H5+-UB3LYP-aug-cc-pVDZ-Singlet-Water.log renamed as 1,2-(CH3)2-C2H3+-UB3LYP-aug-cc-pVDZ-Singlet-Water.log
1,2-(CH3)2-C2H5+-UB3LYP-aug-cc-pVDZ-Triplet-Water.gjf renamed as 1,2-(CH3)2-C2H3+-UB3LYP-aug-cc-pVDZ-Triplet-Water.gjf
1,2-(CH3)2-C2H5+-UB3LYP-aug-cc-pVDZ-Triplet-Water.log renamed as 1,2-(CH3)2-C2H3+-UB3LYP-aug-cc-pVDZ-Triplet-Water.log
[./r-gaussian/Release]
/mnt/sda4/Reserv/orca-2014/Diazo-2017/Diazo-STN/r-gaussian/Release
1-CH3-C2H5-N2+-RB3LYP-aug-cc-pVDZ-Singlet.chk renamed as 1-CH3-C2H4-N2+-RB3LYP-aug-cc-pVDZ-Singlet.chk
1-CH3-C2H5-N2+-RB3LYP-aug-cc-pVDZ-Singlet.gjf renamed as 1-CH3-C2H4-N2+-RB3LYP-aug-cc-pVDZ-Singlet.gjf
1-CH3-C2H5-N2+-RB3LYP-aug-cc-pVDZ-Singlet.log renamed as 1-CH3-C2H4-N2+-RB3LYP-aug-cc-pVDZ-Singlet.log
1-CH3-C2H5-N2-UB3LYP-aug-cc-pVDZ-Doublet.chk renamed as 1-CH3-C2H4-N2-UB3LYP-aug-cc-pVDZ-Doublet.chk
1-CH3-C2H5-N2-UB3LYP-aug-cc-pVDZ-Doublet.gjf renamed as 1-CH3-C2H4-N2-UB3LYP-aug-cc-pVDZ-Doublet.gjf
1-CH3-C2H5-N2-UB3LYP-aug-cc-pVDZ-Doublet.log renamed as 1-CH3-C2H4-N2-UB3LYP-aug-cc-pVDZ-Doublet.log
1-CH3-C2H5-N2+-UB3LYP-aug-cc-pVDZ-Singlet.gjf renamed as 1-CH3-C2H4-N2+-UB3LYP-aug-cc-pVDZ-Singlet.gjf
1-CH3-C2H5-N2+-UB3LYP-aug-cc-pVDZ-Singlet.log renamed as 1-CH3-C2H4-N2+-UB3LYP-aug-cc-pVDZ-Singlet.log
1-CH3-C2H5-N2+-UB3LYP-aug-cc-pVDZ-Triplet.chk renamed as 1-CH3-C2H4-N2+-UB3LYP-aug-cc-pVDZ-Triplet.chk
1-CH3-C2H5-N2+-UB3LYP-aug-cc-pVDZ-Triplet.gjf renamed as 1-CH3-C2H4-N2+-UB3LYP-aug-cc-pVDZ-Triplet.gjf
1-CH3-C2H5-N2+-UB3LYP-aug-cc-pVDZ-Triplet.log renamed as 1-CH3-C2H4-N2+-UB3LYP-aug-cc-pVDZ-Triplet.log
1-CH3-C2H5+-RB3LYP-aug-cc-pVDZ-Singlet.chk renamed as 1-CH3-C2H4+-RB3LYP-aug-cc-pVDZ-Singlet.chk
1-CH3-C2H5+-RB3LYP-aug-cc-pVDZ-Singlet.gjf renamed as 1-CH3-C2H4+-RB3LYP-aug-cc-pVDZ-Singlet.gjf
1-CH3-C2H5+-RB3LYP-aug-cc-pVDZ-Singlet.log renamed as 1-CH3-C2H4+-RB3LYP-aug-cc-pVDZ-Singlet.log
1-CH3-C2H5-UB3LYP-aug-cc-pVDZ-Doublet.chk renamed as 1-CH3-C2H4-UB3LYP-aug-cc-pVDZ-Doublet.chk
1-CH3-C2H5-UB3LYP-aug-cc-pVDZ-Doublet.gjf renamed as 1-CH3-C2H4-UB3LYP-aug-cc-pVDZ-Doublet.gjf
1-CH3-C2H5-UB3LYP-aug-cc-pVDZ-Doublet.log renamed as 1-CH3-C2H4-UB3LYP-aug-cc-pVDZ-Doublet.log
1-CH3-C2H5+-UB3LYP-aug-cc-pVDZ-Singlet.chk renamed as 1-CH3-C2H4+-UB3LYP-aug-cc-pVDZ-Singlet.chk
1-CH3-C2H5+-UB3LYP-aug-cc-pVDZ-Singlet.gjf renamed as 1-CH3-C2H4+-UB3LYP-aug-cc-pVDZ-Singlet.gjf
1-CH3-C2H5+-UB3LYP-aug-cc-pVDZ-Singlet.log renamed as 1-CH3-C2H4+-UB3LYP-aug-cc-pVDZ-Singlet.log
1-CH3-C2H5+-UB3LYP-aug-cc-pVDZ-Triplet.chk renamed as 1-CH3-C2H4+-UB3LYP-aug-cc-pVDZ-Triplet.chk
1-CH3-C2H5+-UB3LYP-aug-cc-pVDZ-Triplet.gjf renamed as 1-CH3-C2H4+-UB3LYP-aug-cc-pVDZ-Triplet.gjf
1-CH3-C2H5+-UB3LYP-aug-cc-pVDZ-Triplet.log renamed as 1-CH3-C2H4+-UB3LYP-aug-cc-pVDZ-Triplet.log
1,2-(CH3)2-C2H5-N2-UB3LYP-aug-cc-pVDZ-Doublet.gjf renamed as 1,2-(CH3)2-C2H3-N2-UB3LYP-aug-cc-pVDZ-Doublet.gjf
1,2-(CH3)2-C2H5-N2-UB3LYP-aug-cc-pVDZ-Doublet.log renamed as 1,2-(CH3)2-C2H3-N2-UB3LYP-aug-cc-pVDZ-Doublet.log
1,2-(CH3)2-C2H5-N2+-UB3LYP-aug-cc-pVDZ-Triplet.gjf renamed as 1,2-(CH3)2-C2H3-N2+-UB3LYP-aug-cc-pVDZ-Triplet.gjf
1,2-(CH3)2-C2H5-N2+-UB3LYP-aug-cc-pVDZ-Triplet.log renamed as 1,2-(CH3)2-C2H3-N2+-UB3LYP-aug-cc-pVDZ-Triplet.log
1,2-(CH3)2-C2H5+-RB3LYP-aug-cc-pVDZ-Singlet.gjf renamed as 1,2-(CH3)2-C2H3+-RB3LYP-aug-cc-pVDZ-Singlet.gjf
1,2-(CH3)2-C2H5+-RB3LYP-aug-cc-pVDZ-Singlet.log renamed as 1,2-(CH3)2-C2H3+-RB3LYP-aug-cc-pVDZ-Singlet.log
1,2-(CH3)2-C2H5-UB3LYP-aug-cc-pVDZ-Doublet.gjf renamed as 1,2-(CH3)2-C2H3-UB3LYP-aug-cc-pVDZ-Doublet.gjf
1,2-(CH3)2-C2H5-UB3LYP-aug-cc-pVDZ-Doublet.log renamed as 1,2-(CH3)2-C2H3-UB3LYP-aug-cc-pVDZ-Doublet.log
1,2-(CH3)2-C2H5+-UB3LYP-aug-cc-pVDZ-Singlet.gjf renamed as 1,2-(CH3)2-C2H3+-UB3LYP-aug-cc-pVDZ-Singlet.gjf
1,2-(CH3)2-C2H5+-UB3LYP-aug-cc-pVDZ-Singlet.log renamed as 1,2-(CH3)2-C2H3+-UB3LYP-aug-cc-pVDZ-Singlet.log
1,2-(CH3)2-C2H5+-UB3LYP-aug-cc-pVDZ-Triplet.gjf renamed as 1,2-(CH3)2-C2H3+-UB3LYP-aug-cc-pVDZ-Triplet.gjf
1,2-(CH3)2-C2H5+-UB3LYP-aug-cc-pVDZ-Triplet.log renamed as 1,2-(CH3)2-C2H3+-UB3LYP-aug-cc-pVDZ-Triplet.log
[./r-gaussian/Release/Continue]
/mnt/sda4/Reserv/orca-2014/Diazo-2017/Diazo-STN/r-gaussian/Release/Continue
[./r-gaussian/new2]
/mnt/sda4/Reserv/orca-2014/Diazo-2017/Diazo-STN/r-gaussian/new2
[./r-gaussian/new2/release]
/mnt/sda4/Reserv/orca-2014/Diazo-2017/Diazo-STN/r-gaussian/new2/release
[./r-gaussian/new2/xz]
/mnt/sda4/Reserv/orca-2014/Diazo-2017/Diazo-STN/r-gaussian/new2/xz
[./r-gaussian/ReCalc]
/mnt/sda4/Reserv/orca-2014/Diazo-2017/Diazo-STN/r-gaussian/ReCalc
1,2-(CH3)2-C2H5-N2+-RB3LYP-aug-cc-pVDZ-Singlet.gjf renamed as 1,2-(CH3)2-C2H3-N2+-RB3LYP-aug-cc-pVDZ-Singlet.gjf
1,2-(CH3)2-C2H5-N2+-UB3LYP-aug-cc-pVDZ-Singlet.gjf renamed as 1,2-(CH3)2-C2H3-N2+-UB3LYP-aug-cc-pVDZ-Singlet.gjf
[./r-gaussian/1]
/mnt/sda4/Reserv/orca-2014/Diazo-2017/Diazo-STN/r-gaussian/1
[./r-gaussian/xz]
/mnt/sda4/Reserv/orca-2014/Diazo-2017/Diazo-STN/r-gaussian/xz
1,2-(CH3)2-C2H5-N2+-RB3LYP-aug-cc-pVDZ-Singlet.log renamed as 1,2-(CH3)2-C2H3-N2+-RB3LYP-aug-cc-pVDZ-Singlet.log
1,2-(CH3)2-C2H5-N2+-UB3LYP-aug-cc-pVDZ-Singlet.gjf renamed as 1,2-(CH3)2-C2H3-N2+-UB3LYP-aug-cc-pVDZ-Singlet.gjf
1,2-(CH3)2-C2H5-N2+-UB3LYP-aug-cc-pVDZ-Singlet.log renamed as 1,2-(CH3)2-C2H3-N2+-UB3LYP-aug-cc-pVDZ-Singlet.log
[./src]
/mnt/sda4/Reserv/orca-2014/Diazo-2017/Diazo-STN/src
1-CH3-C2H5+.mol renamed as 1-CH3-C2H4+.mol
1-CH3-C2H5-N2+.mol renamed as 1-CH3-C2H4-N2+.mol
1,2-(CH3)2-C2H5+.mol renamed as 1,2-(CH3)2-C2H3+.mol
1,2-(CH3)2-C2H5-N2+.mol renamed as 1,2-(CH3)2-C2H3-N2+.mol
[./inp-gaussian]
/mnt/sda4/Reserv/orca-2014/Diazo-2017/Diazo-STN/inp-gaussian
1-CH3-C2H5-N2+-RB3LYP-aug-cc-pVDZ-Singlet.gjf renamed as 1-CH3-C2H4-N2+-RB3LYP-aug-cc-pVDZ-Singlet.gjf
1-CH3-C2H5-N2+-R--Singlet.gjf renamed as 1-CH3-C2H4-N2+-R--Singlet.gjf
1-CH3-C2H5-N2+-UB3LYP-aug-cc-pVDZ-Singlet.gjf renamed as 1-CH3-C2H4-N2+-UB3LYP-aug-cc-pVDZ-Singlet.gjf
1-CH3-C2H5-N2+-UB3LYP-aug-cc-pVDZ-Triplet.gjf renamed as 1-CH3-C2H4-N2+-UB3LYP-aug-cc-pVDZ-Triplet.gjf
1-CH3-C2H5+-RB3LYP-aug-cc-pVDZ-Singlet.gjf renamed as 1-CH3-C2H4+-RB3LYP-aug-cc-pVDZ-Singlet.gjf
1-CH3-C2H5+-R--Singlet.gjf renamed as 1-CH3-C2H4+-R--Singlet.gjf
1-CH3-C2H5+-UB3LYP-aug-cc-pVDZ-Singlet.gjf renamed as 1-CH3-C2H4+-UB3LYP-aug-cc-pVDZ-Singlet.gjf
1-CH3-C2H5+-UB3LYP-aug-cc-pVDZ-Triplet.gjf renamed as 1-CH3-C2H4+-UB3LYP-aug-cc-pVDZ-Triplet.gjf
1,2-(CH3)2-C2H5-N2+-RB3LYP-aug-cc-pVDZ-Singlet.gjf renamed as 1,2-(CH3)2-C2H3-N2+-RB3LYP-aug-cc-pVDZ-Singlet.gjf
1,2-(CH3)2-C2H5-N2+-R--Singlet.gjf renamed as 1,2-(CH3)2-C2H3-N2+-R--Singlet.gjf
1,2-(CH3)2-C2H5-N2+-UB3LYP-aug-cc-pVDZ-Singlet.gjf renamed as 1,2-(CH3)2-C2H3-N2+-UB3LYP-aug-cc-pVDZ-Singlet.gjf
1,2-(CH3)2-C2H5-N2+-UB3LYP-aug-cc-pVDZ-Triplet.gjf renamed as 1,2-(CH3)2-C2H3-N2+-UB3LYP-aug-cc-pVDZ-Triplet.gjf
1,2-(CH3)2-C2H5+-RB3LYP-aug-cc-pVDZ-Singlet.gjf renamed as 1,2-(CH3)2-C2H3+-RB3LYP-aug-cc-pVDZ-Singlet.gjf
1,2-(CH3)2-C2H5+-R--Singlet.gjf renamed as 1,2-(CH3)2-C2H3+-R--Singlet.gjf
1,2-(CH3)2-C2H5+-UB3LYP-aug-cc-pVDZ-Singlet.gjf renamed as 1,2-(CH3)2-C2H3+-UB3LYP-aug-cc-pVDZ-Singlet.gjf
1,2-(CH3)2-C2H5+-UB3LYP-aug-cc-pVDZ-Triplet.gjf renamed as 1,2-(CH3)2-C2H3+-UB3LYP-aug-cc-pVDZ-Triplet.gjf
