NEB log file generated by ORCA
All quantities are given in atomic units. Unless stated otherwise. 
iteration       : 0
climbing        : no
zoom on         : no
nim             : 14
barrier         :   0.00835288 (image:  2) 
distance        :   0.00000000    0.38684321    0.77370398    1.16059696    1.54752111    1.93443160    2.32129016    2.70823929    3.09522713    3.48220780    3.86915113    4.25603888    4.64286461    5.02964137 
energy          : -529.04655130  -529.04166814  -529.03819843  -529.04189086  -529.04996488  -529.05902503  -529.06720161  -529.07380952  -529.07881877  -529.08247049  -529.08502838  -529.08670807  -529.08765804  -529.08796894 
max(|Fr_perp|)   :   0.00000000    0.01851270    0.05007266    0.07450877    0.08951513    0.09442318    0.09200218    0.08474173    0.07437108    0.06195865    0.04809418    0.03308559    0.01709883    0.00000000 
max(|Fsp_paral|) :   0.00000000    0.00000090    0.00000164    0.00000159    0.00000070    0.00000268    0.00000472    0.00000204    0.00000038    0.00000201    0.00000302    0.00000341    0.00000271    0.00000000 
max(|Fsp_perp|)  :   0.00000000    0.00005870    0.00001592    0.00000604    0.00001620    0.00003623    0.00003791    0.00001078    0.00001366    0.00003019    0.00004040    0.00004399    0.00003642    0.00000000 
max(|FNEB|)      :   0.00000000    0.01851259    0.05007292    0.07450859    0.08951521    0.09442349    0.09200165    0.08474150    0.07437113    0.06195886    0.04809449    0.03308593    0.01709910    0.00000000 
max(|Force|)     :   0.00070248    0.01975000    0.05012442    0.07427605    0.08811580    0.09307121    0.09088088    0.08387593    0.07373422    0.06150596    0.04778652    0.03289484    0.01700683    0.00073640 
ksp              :   0.10000000    0.10000000    0.10000000    0.10000000    0.10000000    0.10000000    0.10000000    0.10000000    0.10000000    0.10000000    0.10000000    0.10000000    0.10000000 
max(|step|)      :   0.00000000    0.00001961    0.00005303    0.00007891    0.00009480    0.00010000    0.00009744    0.00008975    0.00007876    0.00006562    0.00005093    0.00003504    0.00001811    0.00000000 
angle (deg.)     :    1.2829  0.7456  0.5722  0.5518  0.5571  0.5491  0.5560  0.5606  0.5649  0.5642  0.5544  0.5338 
>
iteration       : 1
climbing        : no
zoom on         : no
nim             : 14
barrier         :   0.00834488 (image:  2) 
distance        :   0.00000000    0.38684352    0.77370440    1.16059757    1.54752179    1.93443214    2.32129072    2.70823968    3.09522738    3.48220797    3.86915126    4.25603899    4.64286473    5.02964157 
energy          : -529.04655130  -529.04166955  -529.03820643  -529.04190810  -529.04998713  -529.05904755  -529.06722160  -529.07382575  -529.07883096  -529.08247882  -529.08503336  -529.08671042  -529.08765866  -529.08796894 
max(|Fr_perp|)   :   0.00000000    0.01850419    0.05006159    0.07445772    0.08944225    0.09433646    0.09190977    0.08464997    0.07428467    0.06188224    0.04803099    0.03303831    0.01707355    0.00000000 
max(|Fsp_paral|) :   0.00000000    0.00000089    0.00000165    0.00000158    0.00000071    0.00000267    0.00000471    0.00000204    0.00000038    0.00000201    0.00000302    0.00000340    0.00000271    0.00000000 
max(|Fsp_perp|)  :   0.00000000    0.00005836    0.00001592    0.00000599    0.00001629    0.00003615    0.00003781    0.00001080    0.00001363    0.00003017    0.00004039    0.00004398    0.00003639    0.00000000 
max(|FNEB|)      :   0.00000000    0.01850408    0.05006185    0.07445753    0.08944233    0.09433677    0.09190924    0.08464974    0.07428471    0.06188245    0.04803130    0.03303866    0.01707381    0.00000000 
max(|Force|)     :   0.00070248    0.01970986    0.05011543    0.07425055    0.08804326    0.09298488    0.09078877    0.08378444    0.07364807    0.06142980    0.04772356    0.03284775    0.01698164    0.00073640 
ksp              :   0.10000000    0.10000000    0.10000000    0.10000000    0.10000000    0.10000000    0.10000000    0.10000000    0.10000000    0.10000000    0.10000000    0.10000000    0.10000000 
max(|step|)      :   0.00000000    0.02455374    0.07412165    0.10000000    0.09983837    0.09727007    0.08966992    0.07830145    0.06492282    0.05123565    0.03726929    0.02318165    0.01142931    0.00000000 
angle (deg.)     :    7.4228  6.6179  5.1429  2.9320  1.6292  2.4992  3.4778  2.3450  1.0601  0.8475  1.9050  0.7848 
>
iteration       : 2
climbing        : no
zoom on         : no
nim             : 14
barrier         :   0.00415563 (image:  1) 
distance        :   0.00000000    0.38681819    0.77726513    1.16467534    1.55671098    1.94817914    2.33766894    2.72626920    3.11388696    3.50097989    3.88779269    4.27451283    4.66085184    5.04699869 
energy          : -529.04655130  -529.04239567  -529.04445909  -529.05318324  -529.06224253  -529.07000454  -529.07613584  -529.08058275  -529.08360996  -529.08560835  -529.08680791  -529.08749473  -529.08785066  -529.08796894 
max(|Fr_perp|)   :   0.00000000    0.02564547    0.02737040    0.03274097    0.03012863    0.03151417    0.02657319    0.02021767    0.02145687    0.01821086    0.01532787    0.00904817    0.00632927    0.00000000 
max(|Fsp_paral|) :   0.00000000    0.00018796    0.00015519    0.00023343    0.00002857    0.00010095    0.00004595    0.00005153    0.00002795    0.00001498    0.00000502    0.00002079    0.00001065    0.00000000 
max(|Fsp_perp|)  :   0.00000000    0.00242370    0.00283902    0.00153445    0.00054325    0.00108843    0.00065005    0.00088870    0.00045193    0.00018521    0.00007318    0.00032405    0.00012655    0.00000000 
max(|FNEB|)      :   0.00000000    0.02582432    0.02730078    0.03280799    0.03013746    0.03154098    0.02658425    0.02022980    0.02148482    0.01822585    0.01533289    0.00906896    0.00633992    0.00000000 
max(|Force|)     :   0.00070248    0.02815075    0.03297039    0.03597313    0.02838518    0.02881735    0.02472910    0.02252439    0.02372962    0.01926494    0.01576559    0.00893380    0.00622111    0.00073640 
ksp              :   0.10000000    0.10000000    0.10000000    0.10000000    0.10000000    0.10000000    0.10000000    0.10000000    0.10000000    0.10000000    0.10000000    0.10000000    0.10000000 
max(|step|)      :   0.00000000    0.02139283    0.03221817    0.04027514    0.03523050    0.02744371    0.02026708    0.01534271    0.01785044    0.01521848    0.01281594    0.01045205    0.00595090    0.00000000 
angle (deg.)     :    10.7669  9.3791  6.8304  2.6654  1.2180  1.1914  1.8265  1.5373  0.7823  1.0381  0.8524  1.0504 
>
iteration       : 3
climbing        : no
zoom on         : no
nim             : 14
barrier         :   0.00423596 (image:  1) 
distance        :   0.00000000    0.39201277    0.77566660    1.17355616    1.56417706    1.95543609    2.34609845    2.73478527    3.12338383    3.51102494    3.89839484    4.28500731    4.67173216    5.05825364 
energy          : -529.04655130  -529.04231535  -529.04519269  -529.05460897  -529.06361742  -529.07104300  -529.07679533  -529.08090121  -529.08363111  -529.08556901  -529.08674330  -529.08749792  -529.08783761  -529.08796894 
max(|Fr_perp|)   :   0.00000000    0.03397079    0.03436087    0.02233533    0.02051942    0.02345626    0.02535752    0.03048208    0.03413771    0.02892317    0.02462579    0.01410104    0.00988772    0.00000000 
max(|Fsp_paral|) :   0.00000000    0.00042423    0.00074061    0.00037611    0.00003237    0.00002994    0.00010046    0.00000455    0.00005025    0.00001467    0.00004148    0.00000628    0.00001138    0.00000000 
max(|Fsp_perp|)  :   0.00000000    0.00353662    0.00453567    0.00502066    0.00010907    0.00034358    0.00104574    0.00014720    0.00057552    0.00016618    0.00044940    0.00003889    0.00015018    0.00000000 
max(|FNEB|)      :   0.00000000    0.03439501    0.03510148    0.02268825    0.02055179    0.02342632    0.02525706    0.03047753    0.03418217    0.02893538    0.02465958    0.01409613    0.00989664    0.00000000 
max(|Force|)     :   0.00070248    0.03515274    0.04063204    0.03734233    0.03140870    0.03224014    0.03273150    0.03499635    0.03728681    0.03061628    0.02517303    0.01447001    0.00991069    0.00073640 
ksp              :   0.10000000    0.10000000    0.10000000    0.10000000    0.10000000    0.10000000    0.10000000    0.10000000    0.10000000    0.10000000    0.10000000    0.10000000    0.10000000 
max(|step|)      :   0.00000000    0.00585191    0.01386425    0.01563795    0.01456479    0.01143360    0.00816707    0.00606296    0.00704845    0.00596429    0.00508520    0.00292288    0.00203076    0.00000000 
angle (deg.)     :    11.7274  10.6078  7.2464  2.9272  1.2640  1.1856  1.7770  1.2193  0.8279  0.7965  0.8674  0.8407 
>
iteration       : 4
climbing        : yes
zoom on         : no
nim             : 14
barrier         :   0.00394300 (image:  1) 
distance        :   0.00000000    0.39055422    0.77867154    1.17318767    1.56745135    1.95860194    2.34905139    2.73836991    3.12684845    3.51456508    3.90181324    4.28859109    4.67532562    5.06203140 
energy          : -529.04655130  -529.04260831  -529.04581274  -529.05518367  -529.06414986  -529.07148649  -529.07718784  -529.08131760  -529.08409483  -529.08590157  -529.08697627  -529.08758365  -529.08787663  -529.08796894 
max(|Fr_perp|)   :   0.00000000    0.01837193    0.01493547    0.01446357    0.01359338    0.01089799    0.01124638    0.01273650    0.01456239    0.01222088    0.01016589    0.00780597    0.00436714    0.00000000 
max(|Fsp_paral|) :   0.00000000    0.00012449    0.00033345    0.00001300    0.00015707    0.00003521    0.00005754    0.00004340    0.00004010    0.00002519    0.00002564    0.00000240    0.00000160    0.00000000 
max(|Fsp_perp|)  :   0.00000000    0.00081805    0.00017860    0.00173687    0.00180787    0.00039951    0.00061670    0.00052989    0.00044694    0.00027361    0.00027672    0.00004854    0.00003925    0.00000000 
max(|FNEB|)      :   0.00000000    0.01849482    0.01526892    0.01445935    0.01357519    0.01090580    0.01118885    0.01269311    0.01459758    0.01224211    0.01018699    0.00780655    0.00436752    0.00000000 
max(|Force|)     :   0.00070248    0.02186282    0.02632516    0.02529326    0.02125652    0.01969240    0.01821648    0.01775876    0.01767185    0.01388058    0.01089574    0.00764752    0.00429736    0.00073640 
ksp              :   0.10000000    0.10000000    0.10000000    0.10000000    0.10000000    0.10000000    0.10000000    0.10000000    0.10000000    0.10000000    0.10000000    0.10000000    0.10000000 
max(|step|)      :   0.00000000    0.01000000    0.00825578    0.00781805    0.00734000    0.00589668    0.00604972    0.00686306    0.00789280    0.00661921    0.00550802    0.00422094    0.00236148    0.00000000 
angle (deg.)     :    12.2128  11.1773  7.4217  3.1749  1.3426  1.2008  1.6942  0.8500  0.8791  0.5394  0.9179  0.6624 
>
iteration       : 5
climbing        : yes
zoom on         : no
nim             : 14
barrier         :   0.00381325 (image:  1) 
distance        :   0.00000000    0.38926975    0.77820909    1.17184584    1.56679577    1.95999591    2.35023955    2.73963098    3.12813733    3.51587977    3.90306667    4.29001967    4.67673594    5.06347473 
energy          : -529.04655130  -529.04273805  -529.04610046  -529.05552513  -529.06444365  -529.07173012  -529.07736239  -529.08146132  -529.08423190  -529.08600594  -529.08705378  -529.08763082  -529.08789263  -529.08796894 
max(|Fr_perp|)   :   0.00000000    0.00888096    0.01134598    0.01460144    0.01380543    0.01101136    0.00756768    0.00800738    0.00967232    0.00833272    0.00696732    0.00410012    0.00274020    0.00000000 
max(|Fsp_paral|) :   0.00000000    0.00001720    0.00024292    0.00006689    0.00008768    0.00014865    0.00004342    0.00004591    0.00004037    0.00002968    0.00001269    0.00001297    0.00000125    0.00000000 
max(|Fsp_perp|)  :   0.00000000    0.00011666    0.00141756    0.00101214    0.00117171    0.00151960    0.00047705    0.00054598    0.00042575    0.00032083    0.00013612    0.00015677    0.00000185    0.00000000 
max(|FNEB|)      :   0.00000000    0.01278302    0.01150028    0.01462380    0.01379544    0.01100821    0.00756733    0.00796649    0.00971269    0.00836240    0.00698000    0.00411309    0.00273895    0.00000000 
max(|Force|)     :   0.00070248    0.01230602    0.02027857    0.02136075    0.01778678    0.01547574    0.01345881    0.01255509    0.01224226    0.00956352    0.00756195    0.00425578    0.00285310    0.00073640 
ksp              :   0.10000000    0.10000000    0.10000000    0.10000000    0.10000000    0.10000000    0.10000000    0.10000000    0.10000000    0.10000000    0.10000000    0.10000000    0.10000000 
max(|step|)      :   0.00000000    0.00328584    0.00827947    0.01012423    0.00953234    0.00756790    0.00541953    0.00425921    0.00436000    0.00397893    0.00338608    0.00268234    0.00149878    0.00000000 
angle (deg.)     :    13.3299  11.9276  7.8139  3.4162  1.4310  1.2909  1.7922  0.9916  0.9439  0.5803  0.9301  0.7375 
>
iteration       : 6
climbing        : yes
zoom on         : no
nim             : 14
barrier         :   0.00384198 (image:  1) 
distance        :   0.00000000    0.39197781    0.77723684    1.17161525    1.56761827    1.96199172    2.35321451    2.74266823    3.13136683    3.51926387    3.90664188    4.29371878    4.68060073    5.06739596 
energy          : -529.04655130  -529.04270933  -529.04631599  -529.05585270  -529.06474371  -529.07195694  -529.07752062  -529.08156540  -529.08430057  -529.08604880  -529.08707668  -529.08763832  -529.08789478  -529.08796894 
max(|Fr_perp|)   :   0.00000000    0.01565212    0.01096262    0.01362052    0.01321520    0.01070990    0.00766595    0.00773906    0.00928165    0.00798618    0.00670691    0.00510666    0.00296913    0.00000000 
max(|Fsp_paral|) :   0.00000000    0.00035120    0.00047018    0.00008284    0.00008151    0.00015776    0.00008978    0.00003905    0.00004228    0.00002770    0.00001632    0.00001068    0.00000482    0.00000000 
max(|Fsp_perp|)  :   0.00000000    0.00312408    0.00031183    0.00104083    0.00115697    0.00160922    0.00094114    0.00048788    0.00045274    0.00030477    0.00017388    0.00013467    0.00006594    0.00000000 
max(|FNEB|)      :   0.00000000    0.01690585    0.01127687    0.01364888    0.01320616    0.01070812    0.00766637    0.00770427    0.00932392    0.00801387    0.00672322    0.00510851    0.00296996    0.00000000 
max(|Force|)     :   0.00070248    0.01651561    0.02137380    0.02122703    0.01745003    0.01503919    0.01305476    0.01217021    0.01187548    0.00927527    0.00729623    0.00498460    0.00291642    0.00073640 
ksp              :   0.10000000    0.10000000    0.10000000    0.10000000    0.10000000    0.10000000    0.10000000    0.10000000    0.10000000    0.10000000    0.10000000    0.10000000    0.10000000 
max(|step|)      :   0.00000000    0.02909969    0.07425614    0.08703384    0.08364050    0.06725875    0.04621956    0.03124584    0.02816497    0.02484643    0.01975827    0.01400269    0.00791578    0.00000000 
angle (deg.)     :    23.5629  19.5128  12.1079  5.8848  2.3679  2.4569  2.8459  2.3102  1.6856  1.0509  1.1492  1.3986 
>
iteration       : 7
climbing        : yes
zoom on         : no
nim             : 14
barrier         :   0.00383582 (image:  1) 
distance        :   0.00000000    0.41541720    0.79933710    1.18393673    1.59140810    1.99700242    2.39414328    2.79089863    3.18090547    3.57085103    3.95947905    4.34849795    4.73607903    5.12433222 
energy          : -529.04655130  -529.04271548  -529.04767434  -529.05715732  -529.06597638  -529.07291792  -529.07815276  -529.08199670  -529.08454760  -529.08621908  -529.08717287  -529.08769328  -529.08790875  -529.08796894 
max(|Fr_perp|)   :   0.00000000    0.00568974    0.01370637    0.01671323    0.01039514    0.01186457    0.01430154    0.01872744    0.01935938    0.01669767    0.01378977    0.00862499    0.00572526    0.00000000 
max(|Fsp_paral|) :   0.00000000    0.00166689    0.00003577    0.00119813    0.00009303    0.00041282    0.00001884    0.00033938    0.00000317    0.00006927    0.00002100    0.00007815    0.00003721    0.00000000 
max(|Fsp_perp|)  :   0.00000000    0.00084457    0.00618316    0.00616765    0.00195726    0.00395568    0.00036659    0.00347733    0.00019581    0.00077958    0.00017483    0.00081747    0.00030733    0.00000000 
max(|FNEB|)      :   0.00000000    0.00688021    0.01367061    0.01786108    0.01040078    0.01227459    0.01428446    0.01906682    0.01935661    0.01676694    0.01380749    0.00870314    0.00575522    0.00000000 
max(|Force|)     :   0.00070248    0.00706178    0.02073246    0.02323320    0.01971690    0.01986066    0.01971069    0.02073924    0.02192349    0.01764287    0.01449426    0.00816934    0.00564342    0.00073640 
ksp              :   0.10000000    0.10000000    0.10000000    0.10000000    0.10000000    0.10000000    0.10000000    0.10000000    0.10000000    0.10000000    0.10000000    0.10000000    0.10000000 
max(|step|)      :   0.00000000    0.05521758    0.04615683    0.07860875    0.06977236    0.06096364    0.04518281    0.03773921    0.02403602    0.02172674    0.01884706    0.01342363    0.00818191    0.00000000 
angle (deg.)     :    33.7056  23.9667  18.9362  7.2130  3.5815  3.1607  3.6967  3.6322  2.4320  1.8685  1.0736  2.3152 
>
iteration       : 8
climbing        : yes
zoom on         : no
nim             : 14
barrier         :   0.01003380 (image:  1) 
distance        :   0.00000000    0.43719756    0.80843321    1.25118028    1.62525083    2.03563667    2.45774652    2.84396988    3.25442969    3.64296086    4.03780352    4.42424303    4.81849587    5.20705088 
energy          : -529.04655130  -529.03651750  -529.04761382  -529.05855587  -529.06622489  -529.07291049  -529.07822797  -529.08174574  -529.08430015  -529.08600928  -529.08698676  -529.08759557  -529.08786416  -529.08796894 
max(|Fr_perp|)   :   0.00000000    0.18059743    0.04217487    0.01545038    0.01864143    0.02819285    0.03137859    0.04021922    0.04102547    0.03005066    0.02717903    0.01743714    0.01236726    0.00000000 
max(|Fsp_paral|) :   0.00000000    0.00360995    0.00400811    0.00364986    0.00182432    0.00058046    0.00170168    0.00115366    0.00109319    0.00033104    0.00045081    0.00043255    0.00031706    0.00000000 
max(|Fsp_perp|)  :   0.00000000    0.03665555    0.01257778    0.00188834    0.00532173    0.00504183    0.00930422    0.00928775    0.00992348    0.00308652    0.00448009    0.00404779    0.00311949    0.00000000 
max(|FNEB|)      :   0.00000000    0.15547177    0.04618298    0.01731153    0.02040428    0.02872958    0.03290895    0.04137288    0.04201354    0.03038170    0.02755652    0.01786970    0.01261896    0.00000000 
max(|Force|)     :   0.00070248    0.14908118    0.04517664    0.01845971    0.02236485    0.02997929    0.03196208    0.03446760    0.03599247    0.02867774    0.02460080    0.01393886    0.01010067    0.00073640 
ksp              :   0.10000000    0.10000000    0.10000000    0.10000000    0.10000000    0.10000000    0.10000000    0.10000000    0.10000000    0.10000000    0.10000000    0.10000000    0.10000000 
max(|step|)      :   0.00000000    0.04196922    0.01720151    0.03261377    0.02830636    0.02360442    0.01626691    0.01545247    0.01113497    0.00964862    0.00881009    0.00633009    0.00401637    0.00000000 
angle (deg.)     :    27.5079  21.6585  16.0392  6.8266  3.0592  2.8218  3.3420  2.9933  2.1741  1.4599  0.9868  1.8718 
>
iteration       : 9
climbing        : yes
zoom on         : no
nim             : 14
barrier         :   0.00388428 (image:  1) 
distance        :   0.00000000    0.42823358    0.80218331    1.21740567    1.60704581    2.01469774    2.42250336    2.81857258    3.21517861    3.60786224    3.99821246    4.38779006    4.77755191    5.16671529 
energy          : -529.04655130  -529.04266703  -529.04801816  -529.05825631  -529.06640718  -529.07319023  -529.07842861  -529.08216948  -529.08474452  -529.08635493  -529.08726680  -529.08772898  -529.08792446  -529.08796894 
max(|Fr_perp|)   :   0.00000000    0.01365778    0.00828593    0.00912582    0.00937387    0.00640344    0.00640170    0.00690442    0.00765701    0.00590625    0.00451760    0.00364118    0.00192442    0.00000000 
max(|Fsp_paral|) :   0.00000000    0.00288989    0.00207657    0.00135428    0.00089900    0.00000757    0.00055728    0.00002614    0.00019859    0.00012218    0.00004145    0.00001009    0.00003321    0.00000000 
max(|Fsp_perp|)  :   0.00000000    0.00176310    0.00362494    0.00253097    0.00437609    0.00021032    0.00315451    0.00006701    0.00205807    0.00130931    0.00047921    0.00006925    0.00043620    0.00000000 
max(|FNEB|)      :   0.00000000    0.01329792    0.01030201    0.00975755    0.01026194    0.00641068    0.00672274    0.00693057    0.00783387    0.00601183    0.00455247    0.00364395    0.00191525    0.00000000 
max(|Force|)     :   0.00070248    0.01305770    0.01625952    0.01546930    0.01435235    0.01352744    0.01190619    0.01079125    0.00955655    0.00691836    0.00526946    0.00373739    0.00208821    0.00073640 
ksp              :   0.10000000    0.10000000    0.10000000    0.10000000    0.10000000    0.10000000    0.10000000    0.10000000    0.10000000    0.10000000    0.10000000    0.10000000    0.10000000 
max(|step|)      :   0.00000000    0.00345644    0.00322744    0.00422018    0.00386667    0.00416793    0.00382227    0.00218756    0.00212888    0.00204596    0.00184892    0.00152358    0.00094167    0.00000000 
angle (deg.)     :    27.2042  21.4488  15.9171  7.1233  3.0600  2.7828  3.3617  2.9951  2.2239  1.4610  0.9999  1.8671 
>
iteration       : 10
climbing        : yes
zoom on         : no
nim             : 14
barrier         :   0.00382524 (image:  1) 
distance        :   0.00000000    0.42912710    0.80522969    1.21629190    1.61005985    2.01388292    2.41994951    2.81826850    3.21406060    3.60731478    3.99845515    4.38831026    4.77794245    5.16740235 
energy          : -529.04655130  -529.04272606  -529.04817965  -529.05836782  -529.06659096  -529.07326875  -529.07845862  -529.08220625  -529.08477018  -529.08637430  -529.08728348  -529.08773904  -529.08792810  -529.08796894 
max(|Fr_perp|)   :   0.00000000    0.00414710    0.00461685    0.00927204    0.00722515    0.00622162    0.00670539    0.00433564    0.00294887    0.00247713    0.00190206    0.00111885    0.00060755    0.00000000 
max(|Fsp_paral|) :   0.00000000    0.00281539    0.00177761    0.00092214    0.00050166    0.00011053    0.00036802    0.00012288    0.00012833    0.00011038    0.00006885    0.00001218    0.00000955    0.00000000 
max(|Fsp_perp|)  :   0.00000000    0.00034196    0.00266882    0.00252693    0.00303081    0.00081210    0.00257206    0.00140964    0.00132238    0.00104975    0.00068353    0.00015305    0.00020131    0.00000000 
max(|FNEB|)      :   0.00000000    0.00504489    0.00631265    0.00969707    0.00772295    0.00616526    0.00691879    0.00440659    0.00306309    0.00257290    0.00196011    0.00111550    0.00061520    0.00000000 
max(|Force|)     :   0.00070248    0.00486821    0.01386301    0.01564772    0.01351529    0.01134227    0.00916660    0.00721812    0.00550575    0.00371164    0.00247698    0.00127579    0.00068871    0.00073640 
ksp              :   0.10000000    0.10000000    0.10000000    0.10000000    0.10000000    0.10000000    0.10000000    0.10000000    0.10000000    0.10000000    0.10000000    0.10000000    0.10000000 
max(|step|)      :   0.00000000    0.01186986    0.01973454    0.03015071    0.03014794    0.02861983    0.02618070    0.01810782    0.01169294    0.00863462    0.00756994    0.00560063    0.00347172    0.00000000 
angle (deg.)     :    27.0697  20.8862  16.3832  8.8009  3.4228  2.8351  3.6649  3.3345  2.5846  1.6696  1.1441  2.0511 
>
iteration       : 11
climbing        : yes
zoom on         : no
nim             : 14
barrier         :   0.00385857 (image:  1) 
distance        :   0.00000000    0.43729932    0.82227027    1.21857436    1.62627615    2.02212597    2.41747459    2.82218656    3.22089944    3.61747054    4.01036444    4.40303066    4.79321810    5.18403092 
energy          : -529.04655130  -529.04269273  -529.04883077  -529.05881485  -529.06725455  -529.07360584  -529.07851195  -529.08223533  -529.08476601  -529.08636576  -529.08727361  -529.08773252  -529.08792584  -529.08796894 
max(|Fr_perp|)   :   0.00000000    0.01802327    0.01034556    0.01049865    0.00897274    0.00733677    0.00531520    0.00596393    0.00429106    0.00425095    0.00417483    0.00386495    0.00216800    0.00000000 
max(|Fsp_paral|) :   0.00000000    0.00277272    0.00060358    0.00062313    0.00059380    0.00002485    0.00044528    0.00028581    0.00010677    0.00018992    0.00001212    0.00013475    0.00003458    0.00000000 
max(|Fsp_perp|)  :   0.00000000    0.00279571    0.00346920    0.00264261    0.00416069    0.00059538    0.00282106    0.00229919    0.00131814    0.00176957    0.00020953    0.00124698    0.00020599    0.00000000 
max(|FNEB|)      :   0.00000000    0.01622798    0.00980272    0.01021806    0.00920242    0.00734975    0.00570763    0.00614135    0.00427385    0.00430789    0.00417230    0.00390274    0.00217580    0.00000000 
max(|Force|)     :   0.00070248    0.01579253    0.01675579    0.01453209    0.01206751    0.00909553    0.00734435    0.00576138    0.00491165    0.00474306    0.00440517    0.00379187    0.00215836    0.00073640 
ksp              :   0.10000000    0.10000000    0.10000000    0.10000000    0.10000000    0.10000000    0.10000000    0.10000000    0.10000000    0.10000000    0.10000000    0.10000000    0.10000000 
max(|step|)      :   0.00000000    0.00967797    0.01932617    0.03236615    0.03551285    0.03239744    0.02534307    0.01995430    0.01380924    0.00814569    0.00503875    0.00383148    0.00226725    0.00000000 
angle (deg.)     :    26.3971  19.0342  17.5592  10.2885  4.0626  3.0892  3.8622  3.6829  2.9758  1.9257  1.3355  2.2689 
>
iteration       : 12
climbing        : yes
zoom on         : no
nim             : 14
barrier         :   0.00380615 (image:  1) 
distance        :   0.00000000    0.44642113    0.83014357    1.21857279    1.62777648    2.02468541    2.42493574    2.82512529    3.22376900    3.62401198    4.02235767    4.41508318    4.80811344    5.20018064 
energy          : -529.04655130  -529.04274516  -529.04919434  -529.05919815  -529.06766148  -529.07386679  -529.07866499  -529.08224008  -529.08472057  -529.08633175  -529.08725365  -529.08772004  -529.08792206  -529.08796894 
max(|Fr_perp|)   :   0.00000000    0.01915627    0.01700452    0.00743915    0.00853502    0.00673800    0.00657376    0.00617060    0.00584359    0.00563824    0.00595304    0.00503156    0.00301089    0.00000000 
max(|Fsp_paral|) :   0.00000000    0.00331932    0.00025151    0.00117169    0.00062906    0.00016678    0.00000290    0.00007205    0.00007829    0.00009665    0.00029704    0.00001647    0.00005315    0.00000000 
max(|Fsp_perp|)  :   0.00000000    0.00272945    0.00603607    0.00096105    0.00420023    0.00114861    0.00030593    0.00111573    0.00037734    0.00120288    0.00249591    0.00010696    0.00067349    0.00000000 
max(|FNEB|)      :   0.00000000    0.01678796    0.01677386    0.00848060    0.00876149    0.00664941    0.00657560    0.00621883    0.00585636    0.00566047    0.00604054    0.00503528    0.00302529    0.00000000 
max(|Force|)     :   0.00070248    0.01708203    0.02749937    0.01971030    0.01316715    0.01031353    0.00878459    0.00851864    0.00757932    0.00617580    0.00586099    0.00510314    0.00298249    0.00073640 
ksp              :   0.10000000    0.10000000    0.10000000    0.10000000    0.10000000    0.10000000    0.10000000    0.10000000    0.10000000    0.10000000    0.10000000    0.10000000    0.10000000 
max(|step|)      :   0.00000000    0.02896401    0.05080774    0.08892243    0.10000000    0.09062488    0.07851787    0.05792587    0.03945189    0.02428442    0.01472461    0.00846667    0.00536129    0.00000000 
angle (deg.)     :    25.5963  13.2627  22.4460  14.3396  6.4267  4.0297  4.5319  4.7555  3.9620  2.7052  1.7440  2.9207 
>
iteration       : 13
climbing        : yes
zoom on         : no
nim             : 14
barrier         :   0.00348075 (image:  1) 
distance        :   0.00000000    0.47231829    0.84923789    1.24179587    1.64559891    2.05483978    2.44301187    2.85310048    3.25615588    3.66107655    4.06230670    4.47203962    4.86381770    5.26329016 
energy          : -529.04655130  -529.04307056  -529.04963951  -529.06019130  -529.06852006  -529.07447813  -529.07874593  -529.08217789  -529.08459525  -529.08623174  -529.08719154  -529.08770732  -529.08791880  -529.08796894 
max(|Fr_perp|)   :   0.00000000    0.00343635    0.03772866    0.02013765    0.00788242    0.01079107    0.01425630    0.01102876    0.00973268    0.00510199    0.00553899    0.00165281    0.00126783    0.00000000 
max(|Fsp_paral|) :   0.00000000    0.00524902    0.00091203    0.00064218    0.00028243    0.00107340    0.00104817    0.00031545    0.00008616    0.00018304    0.00044039    0.00096636    0.00042153    0.00000000 
max(|Fsp_perp|)  :   0.00000000    0.00023768    0.00300010    0.00772398    0.00346040    0.00547369    0.00421502    0.00322057    0.00021734    0.00192648    0.00192529    0.00032361    0.00026218    0.00000000 
max(|FNEB|)      :   0.00000000    0.00552032    0.03847483    0.01949547    0.00783757    0.01162547    0.01516913    0.01131193    0.00981884    0.00526612    0.00597938    0.00186463    0.00136950    0.00000000 
max(|Force|)     :   0.00070248    0.00571867    0.04691029    0.02593069    0.01281038    0.01826879    0.01457329    0.01476863    0.01172903    0.00580293    0.00450113    0.00183360    0.00124609    0.00073640 
ksp              :   0.10000000    0.10000000    0.10000000    0.10000000    0.10000000    0.10000000    0.10000000    0.10000000    0.10000000    0.10000000    0.10000000    0.10000000    0.10000000 
max(|step|)      :   0.00000000    0.01664380    0.02764456    0.04708137    0.05473224    0.05016872    0.03934250    0.03149559    0.01953199    0.01327937    0.00649496    0.00414444    0.00269083    0.00000000 
angle (deg.)     :    24.7382  10.5002  24.1646  17.0372  7.7166  4.6396  4.7412  5.2889  4.4549  3.1115  2.0061  3.2391 
>
iteration       : 14
climbing        : yes
zoom on         : no
nim             : 14
barrier         :   0.00337351 (image:  1) 
distance        :   0.00000000    0.48349801    0.86521803    1.25300735    1.65570161    2.06848919    2.46600878    2.87100160    3.28250637    3.68616194    4.09357503    4.50859927    4.90136814    5.30410970 
energy          : -529.04655130  -529.04317779  -529.05048842  -529.06065604  -529.06891410  -529.07476873  -529.07891652  -529.08216833  -529.08456616  -529.08616434  -529.08715233  -529.08768538  -529.08791224  -529.08796894 
max(|Fr_perp|)   :   0.00000000    0.01190223    0.01067903    0.00916966    0.00789593    0.00897529    0.00726950    0.00520588    0.00471503    0.00343539    0.00366503    0.00244746    0.00177581    0.00000000 
max(|Fsp_paral|) :   0.00000000    0.00552802    0.00033043    0.00089962    0.00055409    0.00077903    0.00035835    0.00028766    0.00034847    0.00018083    0.00038930    0.00118382    0.00054518    0.00000000 
max(|Fsp_perp|)  :   0.00000000    0.00084770    0.00023028    0.00556859    0.00388255    0.00446129    0.00266050    0.00202513    0.00244014    0.00115410    0.00189710    0.00054711    0.00041291    0.00000000 
max(|FNEB|)      :   0.00000000    0.01442818    0.01035728    0.00839712    0.00774865    0.00940902    0.00756450    0.00547374    0.00485402    0.00361111    0.00378943    0.00267573    0.00193203    0.00000000 
max(|Force|)     :   0.00070248    0.01425419    0.02373053    0.01880376    0.01322109    0.00960693    0.00865477    0.00608084    0.00464019    0.00372086    0.00334289    0.00274485    0.00171052    0.00073640 
ksp              :   0.10000000    0.10000000    0.10000000    0.10000000    0.10000000    0.10000000    0.10000000    0.10000000    0.10000000    0.10000000    0.10000000    0.10000000    0.10000000 
max(|step|)      :   0.00000000    0.00544303    0.00530117    0.01013312    0.01587326    0.01632721    0.00985262    0.00814180    0.00653993    0.00316303    0.00204020    0.00157199    0.00056709    0.00000000 
angle (deg.)     :    23.3809  9.8011  23.5501  18.0814  8.1347  4.6964  4.7190  5.2672  4.6082  3.2169  2.0162  3.3050 
>
iteration       : 15
climbing        : yes
zoom on         : no
nim             : 14
barrier         :   0.00330238 (image:  1) 
distance        :   0.00000000    0.48096807    0.86744624    1.24886170    1.65029330    2.06199379    2.47441074    2.87488028    3.28319650    3.69000052    4.10023980    4.51160461    4.90748320    5.30984241 
energy          : -529.04655130  -529.04324892  -529.05068972  -529.06079530  -529.06911563  -529.07493041  -529.07915080  -529.08226962  -529.08460529  -529.08619303  -529.08717158  -529.08769281  -529.08791484  -529.08796894 
max(|Fr_perp|)   :   0.00000000    0.00292726    0.01993344    0.01063721    0.00734533    0.00899226    0.00952821    0.00795320    0.00538871    0.00279195    0.00248573    0.00218897    0.00147553    0.00000000 
max(|Fsp_paral|) :   0.00000000    0.00508952    0.00027912    0.00122019    0.00057698    0.00003647    0.00057408    0.00034543    0.00006636    0.00016358    0.00005730    0.00082046    0.00035375    0.00000000 
max(|Fsp_perp|)  :   0.00000000    0.00011489    0.00507974    0.00517052    0.00424004    0.00170307    0.00360807    0.00242018    0.00133851    0.00095757    0.00024216    0.00048191    0.00041461    0.00000000 
max(|FNEB|)      :   0.00000000    0.00534836    0.02019990    0.00960620    0.00722096    0.00897197    0.00995979    0.00825530    0.00544493    0.00294558    0.00250419    0.00237359    0.00157724    0.00000000 
max(|Force|)     :   0.00070248    0.00504505    0.02823680    0.02047060    0.01093895    0.01159460    0.00892107    0.00835317    0.00639428    0.00321548    0.00268834    0.00227987    0.00140834    0.00073640 
ksp              :   0.10000000    0.10000000    0.10000000    0.10000000    0.10000000    0.10000000    0.10000000    0.10000000    0.10000000    0.10000000    0.10000000    0.10000000    0.10000000 
max(|step|)      :   0.00000000    0.02275841    0.01869136    0.04166959    0.06663283    0.06714695    0.05131410    0.03610431    0.02809264    0.01531184    0.00678203    0.00505301    0.00182525    0.00000000 
angle (deg.)     :    18.4868  10.6433  21.7603  22.5517  10.4259  4.9354  5.0746  5.4373  5.2136  3.6441  2.2151  3.6471 
>
iteration       : 16
climbing        : yes
zoom on         : no
nim             : 14
barrier         :   0.00327409 (image:  1) 
distance        :   0.00000000    0.47245946    0.86428231    1.23864912    1.63722130    2.05657769    2.49371430    2.90344726    3.30273179    3.71713270    4.13398549    4.53773887    4.94492618    5.34622616 
energy          : -529.04655130  -529.04327722  -529.05082168  -529.06076411  -529.06937461  -529.07535320  -529.07957692  -529.08254514  -529.08467666  -529.08622953  -529.08719467  -529.08769832  -529.08791809  -529.08796894 
max(|Fr_perp|)   :   0.00000000    0.00775273    0.02501155    0.01119726    0.00934039    0.01046114    0.00613195    0.00591922    0.00493194    0.00327425    0.00250399    0.00242667    0.00106849    0.00000000 
max(|Fsp_paral|) :   0.00000000    0.00432279    0.00096401    0.00149981    0.00123719    0.00090214    0.00132307    0.00045523    0.00063248    0.00011320    0.00065648    0.00018068    0.00031991    0.00000000 
max(|Fsp_perp|)  :   0.00000000    0.00062390    0.00798317    0.00254598    0.00550015    0.00421998    0.00254221    0.00242423    0.00171725    0.00033348    0.00070850    0.00105154    0.00026878    0.00000000 
max(|FNEB|)      :   0.00000000    0.01043812    0.02594016    0.01109392    0.00878970    0.01128366    0.00716039    0.00634807    0.00519432    0.00331480    0.00267658    0.00260734    0.00113574    0.00000000 
max(|Force|)     :   0.00070248    0.01019879    0.03036727    0.02260652    0.01656784    0.01227853    0.01044492    0.00675729    0.00496939    0.00362536    0.00250162    0.00180025    0.00097663    0.00073640 
ksp              :   0.10000000    0.10000000    0.10000000    0.10000000    0.10000000    0.10000000    0.10000000    0.10000000    0.10000000    0.10000000    0.10000000    0.10000000    0.10000000 
max(|step|)      :   0.00000000    0.02817952    0.03550256    0.03465150    0.06412503    0.06184994    0.04974354    0.04096300    0.02345666    0.01352353    0.00628934    0.00480676    0.00201999    0.00000000 
angle (deg.)     :    18.1008  15.9911  18.8656  27.1409  13.9865  5.1951  5.3169  5.9318  5.7267  4.0041  2.5403  3.9301 
>
iteration       : 17
climbing        : yes
zoom on         : no
nim             : 14
barrier         :   0.00389950 (image:  1) 
distance        :   0.00000000    0.45803852    0.85211091    1.23843921    1.62920215    2.07982109    2.52801409    2.93326997    3.34685438    3.76127151    4.18035905    4.58313622    4.99429100    5.39656188 
energy          : -529.04655130  -529.04265180  -529.04974548  -529.06070065  -529.06939783  -529.07583917  -529.07986602  -529.08264076  -529.08472504  -529.08622056  -529.08717852  -529.08767714  -529.08790985  -529.08796894 
max(|Fr_perp|)   :   0.00000000    0.05476610    0.06507363    0.03138721    0.02195065    0.02102121    0.02092904    0.01727387    0.01258949    0.01256143    0.01198692    0.01003250    0.00677348    0.00000000 
max(|Fsp_paral|) :   0.00000000    0.00344234    0.00050139    0.00026294    0.00373487    0.00012136    0.00206872    0.00036234    0.00003553    0.00020755    0.00079875    0.00043561    0.00047834    0.00000000 
max(|Fsp_perp|)  :   0.00000000    0.01475348    0.01397208    0.00858059    0.00601883    0.00672070    0.00732596    0.00272239    0.00059067    0.00113281    0.00365616    0.00317044    0.00207248    0.00000000 
max(|FNEB|)      :   0.00000000    0.04300016    0.06557503    0.03112427    0.02498263    0.02113870    0.02250354    0.01757255    0.01262315    0.01276721    0.01278568    0.01041537    0.00725183    0.00000000 
max(|Force|)     :   0.00070248    0.04389485    0.06781923    0.03428083    0.02689088    0.02373195    0.02391050    0.01713065    0.01481483    0.01266534    0.00955905    0.00762905    0.00489271    0.00073640 
ksp              :   0.10000000    0.10000000    0.10000000    0.10000000    0.10000000    0.10000000    0.10000000    0.10000000    0.10000000    0.10000000    0.10000000    0.10000000    0.10000000 
max(|step|)      :   0.00000000    0.01057687    0.01424351    0.00861400    0.01664386    0.01777861    0.01626702    0.01004213    0.00753515    0.00443744    0.00334939    0.00153737    0.00154727    0.00000000 
angle (deg.)     :    14.4035  15.7412  17.8132  28.5833  14.4662  5.2871  5.4228  6.0084  5.8811  4.0697  2.6424  3.9881 
>
iteration       : 18
climbing        : yes
zoom on         : no
nim             : 14
barrier         :   0.00337068 (image:  1) 
distance        :   0.00000000    0.45453897    0.84431455    1.23247813    1.63007753    2.07951988    2.52900755    2.94219384    3.35501021    3.77084619    4.18796974    4.59390982    5.00397371    5.40737960 
energy          : -529.04655130  -529.04318062  -529.05043802  -529.06076468  -529.06961739  -529.07602971  -529.08005111  -529.08276561  -529.08480313  -529.08627610  -529.08720862  -529.08769959  -529.08791904  -529.08796894 
max(|Fr_perp|)   :   0.00000000    0.02183905    0.02593908    0.01439052    0.00885017    0.00991643    0.00899896    0.00613004    0.00449639    0.00328982    0.00331560    0.00367858    0.00207228    0.00000000 
max(|Fsp_paral|) :   0.00000000    0.00342808    0.00009694    0.00057616    0.00326914    0.00000226    0.00175137    0.00001633    0.00013083    0.00005681    0.00054661    0.00021428    0.00035894    0.00000000 
max(|Fsp_perp|)  :   0.00000000    0.00369314    0.00796345    0.00522290    0.00182197    0.00473576    0.00248389    0.00096148    0.00031752    0.00039819    0.00132749    0.00147187    0.00057379    0.00000000 
max(|FNEB|)      :   0.00000000    0.02046571    0.02603602    0.01381436    0.00933541    0.00991526    0.01042472    0.00614637    0.00452376    0.00323912    0.00386221    0.00386670    0.00243122    0.00000000 
max(|Force|)     :   0.00070248    0.02171604    0.03108458    0.02108575    0.01350540    0.00979808    0.00900938    0.00625171    0.00521269    0.00455976    0.00335074    0.00306305    0.00171303    0.00073640 
ksp              :   0.10000000    0.10000000    0.10000000    0.10000000    0.10000000    0.10000000    0.10000000    0.10000000    0.10000000    0.10000000    0.10000000    0.10000000    0.10000000 
max(|step|)      :   0.00000000    0.01727466    0.01812512    0.02486844    0.04871396    0.05099531    0.04319909    0.03165936    0.01988345    0.01219204    0.00727705    0.00256586    0.00154791    0.00000000 
angle (deg.)     :    11.6962  19.5101  15.4482  32.3585  16.6579  5.8223  5.6715  6.3389  6.3025  4.3448  2.9338  4.1967 
>
iteration       : 19
climbing        : yes
zoom on         : no
nim             : 14
barrier         :   0.00322947 (image:  1) 
distance        :   0.00000000    0.44441008    0.82982087    1.22822602    1.63581617    2.09373478    2.55315522    2.97451487    3.39502812    3.81151373    4.22776731    4.63825194    5.04802413    5.45339024 
energy          : -529.04655130  -529.04332183  -529.05017261  -529.06063235  -529.06976720  -529.07631248  -529.08028522  -529.08288841  -529.08487546  -529.08630202  -529.08721582  -529.08770435  -529.08792111  -529.08796894 
max(|Fr_perp|)   :   0.00000000    0.00357024    0.00834866    0.00956178    0.01039178    0.00876256    0.00765766    0.00646717    0.00432748    0.00316810    0.00274260    0.00201841    0.00110136    0.00000000 
max(|Fsp_paral|) :   0.00000000    0.00310148    0.00072706    0.00056972    0.00327017    0.00007548    0.00183711    0.00003886    0.00018226    0.00001011    0.00027813    0.00003674    0.00023707    0.00000000 
max(|Fsp_perp|)  :   0.00000000    0.00038012    0.00417480    0.00324676    0.00620119    0.00501827    0.00243884    0.00129756    0.00230842    0.00110448    0.00132823    0.00060871    0.00032468    0.00000000 
max(|FNEB|)      :   0.00000000    0.00477872    0.00769686    0.00962079    0.00879577    0.00874445    0.00732069    0.00643967    0.00446571    0.00316590    0.00300421    0.00200900    0.00110553    0.00000000 
max(|Force|)     :   0.00070248    0.00608153    0.02056852    0.01799471    0.01681231    0.01447748    0.01210877    0.00911356    0.00665929    0.00438989    0.00282520    0.00227733    0.00122656    0.00073640 
ksp              :   0.10000000    0.10000000    0.10000000    0.10000000    0.10000000    0.10000000    0.10000000    0.10000000    0.10000000    0.10000000    0.10000000    0.10000000    0.10000000 
max(|step|)      :   0.00000000    0.02372407    0.01980399    0.03075828    0.06422145    0.07046726    0.06080666    0.04294013    0.02946942    0.01692036    0.01050571    0.00364147    0.00203503    0.00000000 
angle (deg.)     :    13.0750  24.2736  13.1942  36.7681  19.8388  6.8781  5.9623  6.7404  6.9230  4.7819  3.3382  4.5015 
>
iteration       : 20
climbing        : yes
zoom on         : no
nim             : 14
barrier         :   0.00330014 (image:  1) 
distance        :   0.00000000    0.43093775    0.81459406    1.22539010    1.65094217    2.11632158    2.58919080    3.02886059    3.45475634    3.87683832    4.29062803    4.70818714    5.11816756    5.52704906 
energy          : -529.04655130  -529.04325116  -529.04953224  -529.06033527  -529.06991431  -529.07664600  -529.08056305  -529.08306517  -529.08494683  -529.08632177  -529.08721151  -529.08770231  -529.08792026  -529.08796894 
max(|Fr_perp|)   :   0.00000000    0.02067989    0.02488430    0.01210383    0.01404553    0.01443103    0.01169159    0.00869872    0.00739898    0.00672633    0.00523556    0.00408281    0.00260861    0.00000000 
max(|Fsp_paral|) :   0.00000000    0.00245300    0.00142562    0.00092672    0.00265420    0.00039496    0.00160145    0.00066003    0.00018205    0.00036046    0.00017763    0.00038608    0.00005887    0.00000000 
max(|Fsp_perp|)  :   0.00000000    0.00410663    0.00462269    0.00218127    0.00435423    0.00624489    0.00405345    0.00410058    0.00268860    0.00212679    0.00102641    0.00129707    0.00092189    0.00000000 
max(|FNEB|)      :   0.00000000    0.01843940    0.02348170    0.01303056    0.01206771    0.01411912    0.01235975    0.00914026    0.00754514    0.00708440    0.00541319    0.00442955    0.00265841    0.00000000 
max(|Force|)     :   0.00070248    0.01996332    0.03756183    0.02520587    0.02236772    0.01902005    0.01711375    0.01244303    0.00958868    0.00718904    0.00495441    0.00352829    0.00208265    0.00073640 
ksp              :   0.10000000    0.10000000    0.10000000    0.10000000    0.10000000    0.10000000    0.10000000    0.10000000    0.10000000    0.10000000    0.10000000    0.10000000    0.10000000 
max(|step|)      :   0.00000000    0.03383653    0.02326740    0.04294749    0.08848138    0.10000000    0.08753753    0.06392010    0.04142803    0.02513982    0.01309699    0.00543198    0.00372618    0.00000000 
angle (deg.)     :    20.0819  29.3454  13.8050  41.7646  24.1792  8.7669  6.2725  7.3640  7.7653  5.5928  3.8518  4.9808 
>
iteration       : 21
climbing        : yes
zoom on         : no
nim             : 14
barrier         :   0.00331484 (image:  1) 
distance        :   0.00000000    0.41566732    0.79670222    1.23399981    1.69097510    2.15979684    2.65115489    3.11680161    3.55958499    3.98685839    4.40490814    4.82794747    5.23734960    5.65262011 
energy          : -529.04655130  -529.04323647  -529.04877903  -529.05992338  -529.07005313  -529.07696566  -529.08084560  -529.08324273  -529.08501825  -529.08632267  -529.08719857  -529.08769547  -529.08791717  -529.08796894 
max(|Fr_perp|)   :   0.00000000    0.02828632    0.02594231    0.01900406    0.01637369    0.02015786    0.01647432    0.01118603    0.00890561    0.00745232    0.00573644    0.00412084    0.00323258    0.00000000 
max(|Fsp_paral|) :   0.00000000    0.00176594    0.00287221    0.00122475    0.00079910    0.00126318    0.00123640    0.00114593    0.00078864    0.00043031    0.00022633    0.00068250    0.00031182    0.00000000 
max(|Fsp_perp|)  :   0.00000000    0.00721119    0.00007103    0.00391508    0.00346030    0.00802462    0.00633189    0.00460604    0.00348192    0.00254861    0.00124532    0.00101093    0.00108692    0.00000000 
max(|FNEB|)      :   0.00000000    0.02211998    0.02881453    0.02022882    0.01581311    0.01918633    0.01726586    0.01180818    0.00947602    0.00784470    0.00596277    0.00474673    0.00354440    0.00000000 
max(|Force|)     :   0.00070248    0.02400288    0.03637956    0.02958289    0.02626924    0.02301448    0.02060249    0.01475464    0.01071825    0.00771488    0.00519843    0.00380198    0.00231324    0.00073640 
ksp              :   0.10000000    0.10000000    0.10000000    0.10000000    0.10000000    0.10000000    0.10000000    0.10000000    0.10000000    0.10000000    0.10000000    0.10000000    0.10000000 
max(|step|)      :   0.00000000    0.03575282    0.02432378    0.03931947    0.08315860    0.10000000    0.09106360    0.06419379    0.04628263    0.02666235    0.01469413    0.00592666    0.00254979    0.00000000 
angle (deg.)     :    28.7969  34.4424  16.2941  44.7242  29.1103  10.8533  6.3867  8.0358  8.5444  6.6471  4.3605  5.6170 
>
iteration       : 22
climbing        : yes
zoom on         : no
nim             : 14
barrier         :   0.00308275 (image:  1) 
distance        :   0.00000000    0.40600839    0.80524623    1.25287153    1.74236107    2.21186721    2.71872266    3.22369799    3.67748189    4.11846833    4.53863304    4.97088256    5.38835457    5.80232998 
energy          : -529.04655130  -529.04346855  -529.04830988  -529.05971319  -529.07021001  -529.07731725  -529.08117701  -529.08348792  -529.08508237  -529.08632685  -529.08717762  -529.08768982  -529.08791712  -529.08796894 
max(|Fr_perp|)   :   0.00000000    0.00670340    0.03996555    0.01152203    0.00749111    0.01045923    0.01005485    0.00602110    0.00506961    0.00388435    0.00356352    0.00247440    0.00141482    0.00000000 
max(|Fsp_paral|) :   0.00000000    0.00033370    0.00244469    0.00268650    0.00134399    0.00225201    0.00009003    0.00262889    0.00068367    0.00103176    0.00054610    0.00072445    0.00018401    0.00000000 
max(|Fsp_perp|)  :   0.00000000    0.00191345    0.01206688    0.00816282    0.00133753    0.00550826    0.00395732    0.00116496    0.00212952    0.00088488    0.00137987    0.00061122    0.00054610    0.00000000 
max(|FNEB|)      :   0.00000000    0.00722626    0.03764988    0.01316721    0.00746701    0.00870017    0.01013320    0.00865000    0.00550640    0.00424361    0.00378754    0.00236817    0.00137188    0.00000000 
max(|Force|)     :   0.00070248    0.00688381    0.04837733    0.01575790    0.01167221    0.01155275    0.00798648    0.00619895    0.00376192    0.00346405    0.00328085    0.00281936    0.00163427    0.00073640 
ksp              :   0.10000000    0.10000000    0.10000000    0.10000000    0.10000000    0.10000000    0.10000000    0.10000000    0.10000000    0.10000000    0.10000000    0.10000000    0.10000000 
max(|step|)      :   0.00000000    0.03414270    0.03423583    0.04098237    0.07890364    0.10000000    0.09151021    0.06568414    0.04594565    0.02653185    0.01291741    0.00643256    0.00318102    0.00000000 
angle (deg.)     :    37.9894  35.7871  20.9538  46.1130  34.1329  12.8707  6.5439  8.6694  9.2186  7.7305  4.7837  6.2307 
>
iteration       : 23
climbing        : yes
zoom on         : no
nim             : 14
barrier         :   0.00299450 (image:  1) 
distance        :   0.00000000    0.40405750    0.80530210    1.28370916    1.79876149    2.26986056    2.79114366    3.33273729    3.80100260    4.25523263    4.68250203    5.11904288    5.54276817    5.95812794 
energy          : -529.04655130  -529.04355680  -529.04816082  -529.05982892  -529.07027766  -529.07753028  -529.08137002  -529.08364487  -529.08511488  -529.08631478  -529.08715898  -529.08768248  -529.08791584  -529.08796894 
max(|Fr_perp|)   :   0.00000000    0.00651851    0.02013290    0.00810663    0.00789595    0.01258614    0.01345302    0.00896727    0.00423868    0.00296361    0.00203133    0.00156995    0.00070568    0.00000000 
max(|Fsp_paral|) :   0.00000000    0.00014024    0.00425271    0.00220962    0.00290534    0.00319500    0.00096379    0.00384834    0.00078394    0.00140974    0.00041727    0.00061714    0.00043542    0.00000000 
max(|Fsp_perp|)  :   0.00000000    0.00174788    0.00644528    0.00153868    0.00108172    0.00434199    0.00292139    0.00088565    0.00171631    0.00048519    0.00116489    0.00028094    0.00010644    0.00000000 
max(|FNEB|)      :   0.00000000    0.00880438    0.02043904    0.01031625    0.00877999    0.01027143    0.01415704    0.00750909    0.00445556    0.00354612    0.00244861    0.00176405    0.00097884    0.00000000 
max(|Force|)     :   0.00070248    0.00619324    0.03066778    0.02020535    0.01899463    0.01773822    0.01345371    0.01002132    0.00546262    0.00239523    0.00181592    0.00138073    0.00065745    0.00073640 
ksp              :   0.10000000    0.10000000    0.10000000    0.10000000    0.10000000    0.10000000    0.10000000    0.10000000    0.10000000    0.10000000    0.10000000    0.10000000    0.10000000 
max(|step|)      :   0.00000000    0.00486090    0.00560588    0.00750066    0.00627222    0.00511611    0.00678650    0.00504260    0.00325348    0.00260822    0.00190957    0.00134931    0.00085724    0.00000000 
angle (deg.)     :    36.7780  33.8751  21.0660  44.9097  34.8977  13.2815  6.3832  8.6260  9.2439  7.8493  4.7449  6.2539 
>
iteration       : 24
climbing        : yes
zoom on         : no
nim             : 14
barrier         :   0.00295708 (image:  1) 
distance        :   0.00000000    0.40560957    0.79914742    1.28600246    1.78780526    2.25464908    2.78195239    3.31384505    3.78534224    4.23951929    4.67237757    5.10400809    5.52805122    5.94458356 
energy          : -529.04655130  -529.04359422  -529.04832790  -529.06038023  -529.07049573  -529.07769561  -529.08154923  -529.08371550  -529.08516400  -529.08634009  -529.08718038  -529.08768813  -529.08791721  -529.08796894 
max(|Fr_perp|)   :   0.00000000    0.00269134    0.01311643    0.00816103    0.00690017    0.00644078    0.00710503    0.00479166    0.00372290    0.00280618    0.00231238    0.00149034    0.00069548    0.00000000 
max(|Fsp_paral|) :   0.00000000    0.00059995    0.00504272    0.00091981    0.00232548    0.00390933    0.00021755    0.00316981    0.00096431    0.00111528    0.00005527    0.00036513    0.00039095    0.00000000 
max(|Fsp_perp|)  :   0.00000000    0.00033715    0.00434864    0.00591374    0.00069414    0.00172825    0.00285796    0.00048263    0.00092032    0.00042185    0.00092921    0.00034245    0.00010244    0.00000000 
max(|FNEB|)      :   0.00000000    0.00396681    0.01714722    0.00794194    0.00687172    0.00580975    0.00701537    0.00669961    0.00406868    0.00320330    0.00233305    0.00160591    0.00081535    0.00000000 
max(|Force|)     :   0.00070248    0.00294363    0.01931196    0.01773637    0.01253382    0.00835265    0.00515344    0.00387256    0.00304644    0.00243673    0.00173438    0.00129953    0.00075552    0.00073640 
ksp              :   0.10000000    0.10000000    0.10000000    0.10000000    0.10000000    0.10000000    0.10000000    0.10000000    0.10000000    0.10000000    0.10000000    0.10000000    0.10000000 
max(|step|)      :   0.00000000    0.00898261    0.01350348    0.01471066    0.01286349    0.01983676    0.02006452    0.02311858    0.01546945    0.01089971    0.00399238    0.00374311    0.00166130    0.00000000 
angle (deg.)     :    36.0762  31.0008  21.1907  41.4768  38.2924  14.3220  6.0928  8.6281  9.4408  8.2413  4.8593  6.4390 
>
iteration       : 25
climbing        : yes
zoom on         : no
nim             : 14
barrier         :   0.00292674 (image:  1) 
distance        :   0.00000000    0.41073841    0.80905289    1.29156174    1.78011858    2.24260690    2.77443648    3.29832909    3.78093376    4.23727756    4.68036431    5.10564947    5.53153489    5.95119176 
energy          : -529.04655130  -529.04362456  -529.04869282  -529.06110795  -529.07077767  -529.07793450  -529.08178442  -529.08381775  -529.08523400  -529.08636967  -529.08720329  -529.08769268  -529.08791808  -529.08796894 
max(|Fr_perp|)   :   0.00000000    0.00678928    0.02053428    0.00771298    0.00810799    0.00674580    0.00818272    0.00537280    0.00332649    0.00317576    0.00290215    0.00240359    0.00139858    0.00000000 
max(|Fsp_paral|) :   0.00000000    0.00061191    0.00445509    0.00038521    0.00173586    0.00466773    0.00037416    0.00217453    0.00146932    0.00070327    0.00080461    0.00002868    0.00032320    0.00000000 
max(|Fsp_perp|)  :   0.00000000    0.00097389    0.00575871    0.00442501    0.00087954    0.00190985    0.00206632    0.00084287    0.00067685    0.00063293    0.00032078    0.00042883    0.00019071    0.00000000 
max(|FNEB|)      :   0.00000000    0.00776597    0.02498937    0.00770504    0.00810923    0.00638116    0.00850989    0.00754733    0.00466908    0.00345791    0.00324260    0.00239330    0.00149791    0.00000000 
max(|Force|)     :   0.00070248    0.00677085    0.02722279    0.01565156    0.01123851    0.01021314    0.00769515    0.00591613    0.00332565    0.00301159    0.00254949    0.00211654    0.00128966    0.00073640 
ksp              :   0.10000000    0.10000000    0.10000000    0.10000000    0.10000000    0.10000000    0.10000000    0.10000000    0.10000000    0.10000000    0.10000000    0.10000000    0.10000000 
max(|step|)      :   0.00000000    0.01388750    0.02852262    0.02943544    0.02492607    0.03004617    0.02893305    0.03837406    0.02628777    0.01815347    0.00691838    0.00642230    0.00308556    0.00000000 
angle (deg.)     :    36.3386  24.9720  24.5921  34.4417  44.5769  16.4850  5.6636  8.5305  9.8404  8.8171  5.0931  6.7492 
>
iteration       : 26
climbing        : yes
zoom on         : no
nim             : 14
barrier         :   0.00288124 (image:  1) 
distance        :   0.00000000    0.42183463    0.83582067    1.31308627    1.77396446    2.23430447    2.77967909    3.27961325    3.77985500    4.24112293    4.70364813    5.11658278    5.54452736    5.96997916 
energy          : -529.04655130  -529.04367006  -529.04921332  -529.06203230  -529.07097392  -529.07811875  -529.08205025  -529.08389493  -529.08528702  -529.08638857  -529.08722887  -529.08769586  -529.08791844  -529.08796894 
max(|Fr_perp|)   :   0.00000000    0.00305871    0.02594515    0.01299039    0.00738975    0.00625674    0.00865857    0.00659694    0.00377276    0.00310203    0.00208565    0.00175796    0.00152044    0.00000000 
max(|Fsp_paral|) :   0.00000000    0.00039499    0.00358546    0.00100042    0.00003648    0.00601758    0.00211011    0.00001632    0.00219598    0.00006816    0.00230157    0.00070923    0.00012847    0.00000000 
max(|Fsp_perp|)  :   0.00000000    0.00059705    0.00841172    0.00443995    0.00250947    0.00165028    0.00134437    0.00111561    0.00079884    0.00188701    0.00016203    0.00025339    0.00038270    0.00000000 
max(|FNEB|)      :   0.00000000    0.00398578    0.02868647    0.01368649    0.00737943    0.00660759    0.01049819    0.00658061    0.00596874    0.00303387    0.00369816    0.00246719    0.00163535    0.00000000 
max(|Force|)     :   0.00070248    0.00356210    0.03066288    0.02713777    0.01233992    0.00927400    0.00924317    0.00735441    0.00392949    0.00257233    0.00274246    0.00186784    0.00144052    0.00073640 
ksp              :   0.10000000    0.10000000    0.10000000    0.10000000    0.10000000    0.10000000    0.10000000    0.10000000    0.10000000    0.10000000    0.10000000    0.10000000    0.10000000 
max(|step|)      :   0.00000000    0.01683033    0.03955699    0.03606858    0.03470259    0.03660733    0.04108849    0.04861351    0.03520298    0.02320814    0.00902813    0.00673437    0.00426009    0.00000000 
angle (deg.)     :    37.2685  21.8786  28.0307  26.1568  52.6078  18.9221  5.4031  8.3172  10.4079  9.2909  5.5731  7.0931 
>
iteration       : 27
climbing        : yes
zoom on         : no
nim             : 14
barrier         :   0.00285837 (image:  1) 
distance        :   0.00000000    0.43843123    0.89747647    1.34804788    1.78704453    2.26288000    2.81214055    3.29259406    3.80866852    4.27748528    4.75923862    5.16655992    5.59320405    6.02612992 
energy          : -529.04655130  -529.04369293  -529.05035436  -529.06258364  -529.07111978  -529.07825018  -529.08221063  -529.08393634  -529.08533123  -529.08639705  -529.08723947  -529.08768922  -529.08791551  -529.08796894 
max(|Fr_perp|)   :   0.00000000    0.00849036    0.03320300    0.02752381    0.01396296    0.01269132    0.01415297    0.01544412    0.00713956    0.00287081    0.00263581    0.00288860    0.00317016    0.00000000 
max(|Fsp_paral|) :   0.00000000    0.00100486    0.00045830    0.00076183    0.00236975    0.00536568    0.00314903    0.00190825    0.00270042    0.00072252    0.00356906    0.00089537    0.00032125    0.00000000 
max(|Fsp_perp|)  :   0.00000000    0.00217290    0.01062487    0.00798788    0.00663276    0.00187037    0.00214346    0.00431921    0.00105707    0.00203358    0.00018815    0.00051152    0.00105223    0.00000000 
max(|FNEB|)      :   0.00000000    0.00817797    0.03358707    0.02828564    0.01233323    0.01444558    0.01557320    0.01603492    0.00636800    0.00282368    0.00579360    0.00378239    0.00346042    0.00000000 
max(|Force|)     :   0.00070248    0.00759195    0.04001654    0.03017331    0.02252261    0.01926663    0.01826894    0.01462299    0.00780645    0.00299868    0.00331941    0.00272854    0.00236692    0.00073640 
ksp              :   0.10000000    0.10000000    0.10000000    0.10000000    0.10000000    0.10000000    0.10000000    0.10000000    0.10000000    0.10000000    0.10000000    0.10000000    0.10000000 
max(|step|)      :   0.00000000    0.00424911    0.01235075    0.01688832    0.00848270    0.01295473    0.00893315    0.01720295    0.00743069    0.00663259    0.00395475    0.00279975    0.00185698    0.00000000 
angle (deg.)     :    36.6443  21.3152  25.8324  26.0673  50.9019  17.9067  5.4640  8.2505  10.3141  9.0441  5.5953  7.0035 
>
iteration       : 28
climbing        : yes
zoom on         : no
nim             : 14
barrier         :   0.00282640 (image:  1) 
distance        :   0.00000000    0.43547233    0.88259589    1.32562831    1.77669624    2.25082473    2.78531110    3.28542758    3.78707444    4.25856934    4.72704397    5.14440678    5.56968007    5.99956902 
energy          : -529.04655130  -529.04372491  -529.05049554  -529.06254007  -529.07136770  -529.07848520  -529.08232417  -529.08407437  -529.08538398  -529.08643447  -529.08725128  -529.08770349  -529.08792045  -529.08796894 
max(|Fr_perp|)   :   0.00000000    0.00195180    0.00720161    0.00439583    0.00674164    0.00394975    0.00452930    0.00467156    0.00290889    0.00214584    0.00145944    0.00086918    0.00060158    0.00000000 
max(|Fsp_paral|) :   0.00000000    0.00057287    0.00022575    0.00050906    0.00154215    0.00439879    0.00157536    0.00008131    0.00171409    0.00016723    0.00243094    0.00036733    0.00023661    0.00000000 
max(|Fsp_perp|)  :   0.00000000    0.00023812    0.00179742    0.00102967    0.00291129    0.00024661    0.00041299    0.00039556    0.00039740    0.00065276    0.00005105    0.00022974    0.00025129    0.00000000 
max(|FNEB|)      :   0.00000000    0.00310840    0.00738339    0.00451775    0.00641834    0.00543771    0.00476368    0.00469803    0.00369633    0.00231307    0.00348026    0.00098404    0.00081472    0.00000000 
max(|Force|)     :   0.00070248    0.00249362    0.02181293    0.01514781    0.01372174    0.00984439    0.00716058    0.00532983    0.00339322    0.00190746    0.00137547    0.00085787    0.00051601    0.00073640 
ksp              :   0.10000000    0.10000000    0.10000000    0.10000000    0.10000000    0.10000000    0.10000000    0.10000000    0.10000000    0.10000000    0.10000000    0.10000000    0.10000000 
max(|step|)      :   0.00000000    0.00466598    0.01112570    0.00830753    0.01048690    0.01011311    0.01195640    0.01016403    0.01109139    0.00642498    0.00585052    0.00117638    0.00065785    0.00000000 
angle (deg.)     :    36.8932  19.0132  26.9625  22.3023  53.1657  18.2994  5.4845  8.1248  10.4791  9.0629  5.9088  7.1240 
>
iteration       : 29
climbing        : yes
zoom on         : no
nim             : 14
barrier         :   0.00281566 (image:  1) 
distance        :   0.00000000    0.44150721    0.89342819    1.32784931    1.77762361    2.26134194    2.78305610    3.29007529    3.78777228    4.26463572    4.72978824    5.15498998    5.57906323    6.00915273 
energy          : -529.04655130  -529.04373564  -529.05075732  -529.06258685  -529.07151952  -529.07865952  -529.08239728  -529.08415679  -529.08542075  -529.08645370  -529.08725241  -529.08770826  -529.08792112  -529.08796894 
max(|Fr_perp|)   :   0.00000000    0.00203124    0.01049635    0.00439312    0.00583659    0.00322218    0.00511952    0.00460333    0.00249070    0.00219862    0.00152443    0.00081426    0.00077997    0.00000000 
max(|Fsp_paral|) :   0.00000000    0.00051703    0.00098050    0.00094490    0.00229810    0.00278805    0.00066849    0.00049334    0.00118511    0.00065229    0.00191796    0.00005212    0.00030783    0.00000000 
max(|Fsp_perp|)  :   0.00000000    0.00017552    0.00227551    0.00118705    0.00148378    0.00014672    0.00050975    0.00141716    0.00038076    0.00024573    0.00004307    0.00023537    0.00014690    0.00000000 
max(|FNEB|)      :   0.00000000    0.00279438    0.01147684    0.00422225    0.00537427    0.00420470    0.00569786    0.00509667    0.00336885    0.00191841    0.00239734    0.00086638    0.00108780    0.00000000 
max(|Force|)     :   0.00070248    0.00242160    0.02160979    0.01978515    0.01078309    0.00657262    0.00543378    0.00407372    0.00294072    0.00273420    0.00203192    0.00123583    0.00078656    0.00073640 
ksp              :   0.10000000    0.10000000    0.10000000    0.10000000    0.10000000    0.10000000    0.10000000    0.10000000    0.10000000    0.10000000    0.10000000    0.10000000    0.10000000 
max(|step|)      :   0.00000000    0.00860528    0.01674625    0.01310472    0.01945626    0.01565252    0.02362507    0.01870138    0.02007425    0.01103634    0.01069881    0.00201180    0.00099735    0.00000000 
angle (deg.)     :    36.9199  16.1270  28.3333  16.8321  56.4873  19.4329  5.6700  7.9399  10.7378  9.1294  6.4577  7.3902 
>
iteration       : 30
climbing        : yes
zoom on         : no
nim             : 14
barrier         :   0.00280968 (image:  1) 
distance        :   0.00000000    0.45256982    0.90407641    1.33475772    1.78625727    2.28574514    2.78431876    3.30232502    3.79493682    4.28208147    4.73977744    5.17801329    5.60252673    6.03217842 
energy          : -529.04655130  -529.04374162  -529.05098549  -529.06255119  -529.07172875  -529.07887135  -529.08246219  -529.08425772  -529.08545491  -529.08647147  -529.08724265  -529.08771060  -529.08792144  -529.08796894 
max(|Fr_perp|)   :   0.00000000    0.00187906    0.00411417    0.00600951    0.00518934    0.00357074    0.00628926    0.00449901    0.00427240    0.00185730    0.00124173    0.00060412    0.00041068    0.00000000 
max(|Fsp_paral|) :   0.00000000    0.00005239    0.00115099    0.00127799    0.00327525    0.00006743    0.00087190    0.00133785    0.00031235    0.00165897    0.00095034    0.00063314    0.00026178    0.00000000 
max(|Fsp_perp|)  :   0.00000000    0.00012476    0.00122511    0.00241257    0.00261122    0.00017415    0.00200244    0.00078301    0.00153915    0.00019104    0.00011264    0.00004288    0.00020683    0.00000000 
max(|FNEB|)      :   0.00000000    0.00191088    0.00502825    0.00572594    0.00678909    0.00354883    0.00554205    0.00583686    0.00458474    0.00351627    0.00182162    0.00085390    0.00066875    0.00000000 
max(|Force|)     :   0.00070248    0.00186002    0.01992346    0.02121528    0.01070415    0.00646735    0.00531316    0.00480572    0.00370407    0.00201796    0.00137691    0.00075690    0.00040534    0.00073640 
ksp              :   0.10000000    0.10000000    0.10000000    0.10000000    0.10000000    0.10000000    0.10000000    0.10000000    0.10000000    0.10000000    0.10000000    0.10000000    0.10000000 
max(|step|)      :   0.00000000    0.01510079    0.02614104    0.01703981    0.04047346    0.02122420    0.04458760    0.03728036    0.03915798    0.02350123    0.01957448    0.00395452    0.00200440    0.00000000 
angle (deg.)     :    37.3217  16.0290  30.3553  16.7092  59.7796  22.9548  6.5439  7.7481  10.9786  9.5482  7.3173  7.9403 
>
iteration       : 31
climbing        : yes
zoom on         : no
nim             : 14
barrier         :   0.00280591 (image:  1) 
distance        :   0.00000000    0.47228768    0.91793832    1.35037410    1.82669154    2.33926620    2.79612138    3.33296385    3.81804354    4.32118360    4.76982114    5.22878199    5.65756772    6.08510861 
energy          : -529.04655130  -529.04374539  -529.05085765  -529.06240908  -529.07227796  -529.07910055  -529.08249133  -529.08435416  -529.08546698  -529.08647531  -529.08721657  -529.08770519  -529.08792105  -529.08796894 
max(|Fr_perp|)   :   0.00000000    0.00242511    0.04401752    0.01549583    0.01178780    0.00569363    0.00942765    0.01009443    0.01108635    0.00580604    0.00276861    0.00089071    0.00057313    0.00000000 
max(|Fsp_paral|) :   0.00000000    0.00133893    0.00076525    0.00252260    0.00242712    0.00408101    0.00363798    0.00269530    0.00103868    0.00313763    0.00052278    0.00138753    0.00006288    0.00000000 
max(|Fsp_perp|)  :   0.00000000    0.00011375    0.01322361    0.00643002    0.00535720    0.00032351    0.00148049    0.00135738    0.00414940    0.00041231    0.00105229    0.00005160    0.00012169    0.00000000 
max(|FNEB|)      :   0.00000000    0.00227042    0.04478278    0.01297323    0.01421491    0.00704464    0.01306563    0.00914631    0.01131295    0.00572273    0.00311851    0.00198459    0.00063083    0.00000000 
max(|Force|)     :   0.00070248    0.00243243    0.04425379    0.02279392    0.01723277    0.01268316    0.01070965    0.01111333    0.01042272    0.00627589    0.00249500    0.00120107    0.00072470    0.00073640 
ksp              :   0.10000000    0.10000000    0.10000000    0.10000000    0.10000000    0.10000000    0.10000000    0.10000000    0.10000000    0.10000000    0.10000000    0.10000000    0.10000000 
max(|step|)      :   0.00000000    0.00178899    0.01578339    0.00606149    0.00974479    0.00299897    0.00632610    0.00523985    0.00565108    0.00379689    0.00124686    0.00121390    0.00055725    0.00000000 
angle (deg.)     :    36.6224  15.7741  28.8869  17.2581  59.0177  24.2930  6.4438  7.7405  10.8460  9.7083  7.3461  8.0378 
>
iteration       : 32
climbing        : yes
zoom on         : no
nim             : 14
barrier         :   0.00279536 (image:  1) 
distance        :   0.00000000    0.47369883    0.90631791    1.34673311    1.83616186    2.33533854    2.79296632    3.32358884    3.81612243    4.31282998    4.76524238    5.22244143    5.65383495    6.08088058 
energy          : -529.04655130  -529.04375595  -529.05090726  -529.06246409  -529.07259117  -529.07916012  -529.08259097  -529.08440988  -529.08552768  -529.08649142  -529.08722373  -529.08770564  -529.08792178  -529.08796894 
max(|Fr_perp|)   :   0.00000000    0.00109879    0.00245446    0.00718769    0.00587102    0.00471657    0.00564254    0.00543274    0.00429149    0.00222975    0.00161848    0.00092097    0.00054504    0.00000000 
max(|Fsp_paral|) :   0.00000000    0.00202913    0.00043686    0.00291026    0.00066016    0.00304276    0.00341679    0.00198755    0.00024004    0.00254975    0.00024320    0.00118736    0.00021920    0.00000000 
max(|Fsp_perp|)  :   0.00000000    0.00002200    0.00117117    0.00409826    0.00329418    0.00015146    0.00088847    0.00050568    0.00020219    0.00012933    0.00070915    0.00004691    0.00004602    0.00000000 
max(|FNEB|)      :   0.00000000    0.00108847    0.00245032    0.00567317    0.00554845    0.00493414    0.00905933    0.00473460    0.00434343    0.00360778    0.00137528    0.00155852    0.00048999    0.00000000 
max(|Force|)     :   0.00070248    0.00110649    0.01542545    0.01632021    0.01440115    0.00970542    0.00761353    0.00615075    0.00457940    0.00259344    0.00132838    0.00107181    0.00061120    0.00073640 
ksp              :   0.10000000    0.10000000    0.10000000    0.10000000    0.10000000    0.10000000    0.10000000    0.10000000    0.10000000    0.10000000    0.10000000    0.10000000    0.10000000 
max(|step|)      :   0.00000000    0.00151637    0.00309584    0.00455327    0.00461458    0.00349118    0.00801022    0.00552908    0.00489183    0.00466826    0.00220459    0.00153587    0.00026330    0.00000000 
angle (deg.)     :    36.2761  15.5748  27.7669  17.7225  58.1043  25.8598  6.3253  7.7086  10.7502  9.8569  7.4132  8.1437 
>
iteration       : 33
climbing        : yes
zoom on         : no
nim             : 14
barrier         :   0.00279227 (image:  1) 
distance        :   0.00000000    0.47528846    0.90263113    1.34524689    1.83826904    2.33213628    2.79237632    3.31539050    3.81277918    4.30536836    4.76042162    5.21691408    5.65076842    6.07774265 
energy          : -529.04655130  -529.04375903  -529.05079984  -529.06248349  -529.07272215  -529.07919121  -529.08267946  -529.08444131  -529.08555501  -529.08649769  -529.08722707  -529.08770613  -529.08792226  -529.08796894 
max(|Fr_perp|)   :   0.00000000    0.00096914    0.00404583    0.00438271    0.00360966    0.00347565    0.00282538    0.00345874    0.00350158    0.00165637    0.00118594    0.00060267    0.00026285    0.00000000 
max(|Fsp_paral|) :   0.00000000    0.00236387    0.00085413    0.00298265    0.00005800    0.00245893    0.00303065    0.00133919    0.00027573    0.00216224    0.00007347    0.00104134    0.00034618    0.00000000 
max(|Fsp_perp|)  :   0.00000000    0.00001893    0.00054165    0.00299345    0.00149493    0.00011495    0.00141479    0.00055383    0.00121376    0.00012092    0.00035577    0.00002615    0.00001292    0.00000000 
max(|FNEB|)      :   0.00000000    0.00097627    0.00471065    0.00553722    0.00360658    0.00365807    0.00564907    0.00479793    0.00377731    0.00381861    0.00111248    0.00130312    0.00033548    0.00000000 
max(|Force|)     :   0.00070248    0.00096378    0.01940263    0.01959852    0.00993608    0.00681764    0.00416989    0.00374143    0.00312223    0.00189324    0.00123649    0.00064506    0.00027770    0.00073640 
ksp              :   0.10000000    0.10000000    0.10000000    0.10000000    0.10000000    0.10000000    0.10000000    0.10000000    0.10000000    0.10000000    0.10000000    0.10000000    0.10000000 
max(|step|)      :   0.00000000    0.00431169    0.00896179    0.01239542    0.01177747    0.01050431    0.02246315    0.01758659    0.01216861    0.01455279    0.00595112    0.00459507    0.00074290    0.00000000 
angle (deg.)     :    35.2630  15.2542  24.0189  20.3221  55.2282  30.7602  5.9025  7.5658  10.5371  10.3002  7.6129  8.4537 
>
iteration       : 34
climbing        : yes
zoom on         : no
nim             : 14
barrier         :   0.00279193 (image:  1) 
distance        :   0.00000000    0.47973754    0.89247404    1.34287750    1.84614262    2.32328706    2.79629268    3.29376143    3.80354868    4.28553502    4.74977580    5.20275220    5.64366844    6.07097624 
energy          : -529.04655130  -529.04375937  -529.05043648  -529.06246817  -529.07301914  -529.07920697  -529.08290339  -529.08450715  -529.08561019  -529.08650439  -529.08723038  -529.08770389  -529.08792229  -529.08796894 
max(|Fr_perp|)   :   0.00000000    0.00135103    0.01604676    0.00810625    0.00513798    0.00359778    0.00334651    0.00405785    0.00318342    0.00213080    0.00116189    0.00076710    0.00047927    0.00000000 
max(|Fsp_paral|) :   0.00000000    0.00329398    0.00210511    0.00318433    0.00178825    0.00030272    0.00128196    0.00064802    0.00159666    0.00102845    0.00058422    0.00055419    0.00068054    0.00000000 
max(|Fsp_perp|)  :   0.00000000    0.00004578    0.00453213    0.00378183    0.00075629    0.00016342    0.00038619    0.00161823    0.00050774    0.00031268    0.00016977    0.00004798    0.00001985    0.00000000 
max(|FNEB|)      :   0.00000000    0.00135780    0.01815187    0.01129058    0.00521973    0.00352035    0.00283404    0.00438571    0.00478008    0.00315924    0.00174611    0.00101459    0.00085440    0.00000000 
max(|Force|)     :   0.00070248    0.00134955    0.02627575    0.01892421    0.01132536    0.00670414    0.00410117    0.00398989    0.00374803    0.00242481    0.00116836    0.00070712    0.00042278    0.00073640 
ksp              :   0.10000000    0.10000000    0.10000000    0.10000000    0.10000000    0.10000000    0.10000000    0.10000000    0.10000000    0.10000000    0.10000000    0.10000000    0.10000000 
max(|step|)      :   0.00000000    0.00352773    0.01979210    0.01305907    0.01445413    0.00857150    0.02028688    0.01574758    0.01133943    0.01419002    0.00690452    0.00478743    0.00133803    0.00000000 
angle (deg.)     :    34.9650  14.8873  22.0703  21.9092  51.8995  34.9694  5.8634  7.3861  10.4170  10.6447  7.8600  8.7203 
>
iteration       : 35
climbing        : yes
zoom on         : no
nim             : 14
barrier         :   0.00278279 (image:  1) 
distance        :   0.00000000    0.48308275    0.90399201    1.35915453    1.84581268    2.31712428    2.79791922    3.28524612    3.79458714    4.26849094    4.73954922    5.19025113    5.63600088    6.06548097 
energy          : -529.04655130  -529.04376851  -529.05054766  -529.06286485  -529.07307303  -529.07922253  -529.08306374  -529.08459277  -529.08566614  -529.08651512  -529.08723286  -529.08769978  -529.08792132  -529.08796894 
max(|Fr_perp|)   :   0.00000000    0.00179803    0.03312511    0.01617827    0.01544473    0.00469890    0.00609190    0.00504150    0.00252497    0.00317948    0.00276338    0.00167997    0.00137791    0.00000000 
max(|Fsp_paral|) :   0.00000000    0.00311098    0.00202372    0.00181235    0.00106945    0.00068877    0.00036667    0.00115849    0.00203220    0.00016579    0.00107141    0.00022702    0.00080893    0.00000000 
max(|Fsp_perp|)  :   0.00000000    0.00003626    0.00950629    0.00235543    0.00383238    0.00022435    0.00050084    0.00111526    0.00023718    0.00066449    0.00018454    0.00022933    0.00007795    0.00000000 
max(|FNEB|)      :   0.00000000    0.00186365    0.03455381    0.01701804    0.01651418    0.00489000    0.00591967    0.00562986    0.00364430    0.00313020    0.00267454    0.00190700    0.00213358    0.00000000 
max(|Force|)     :   0.00070248    0.00165990    0.03761833    0.03065423    0.01835246    0.00736921    0.00739845    0.00521172    0.00276675    0.00363229    0.00322561    0.00213878    0.00157284    0.00073640 
ksp              :   0.10000000    0.10000000    0.10000000    0.10000000    0.10000000    0.10000000    0.10000000    0.10000000    0.10000000    0.10000000    0.10000000    0.10000000    0.10000000 
max(|step|)      :   0.00000000    0.00152104    0.00862579    0.01144670    0.00508765    0.00538418    0.00700359    0.00699242    0.00606590    0.00618895    0.00328959    0.00200945    0.00092540    0.00000000 
angle (deg.)     :    34.5387  14.9957  19.5787  22.7827  50.0368  36.7750  5.9797  7.2613  10.3875  10.7688  7.9952  8.8320 
>
iteration       : 36
climbing        : yes
zoom on         : no
nim             : 14
barrier         :   0.00277797 (image:  1) 
distance        :   0.00000000    0.48428948    0.91853564    1.36825147    1.84138420    2.31449312    2.79722662    3.28392637    3.78887236    4.26058434    4.73374491    5.18396502    5.63115512    6.06237702 
energy          : -529.04655130  -529.04377333  -529.05106064  -529.06319992  -529.07311105  -529.07924607  -529.08314616  -529.08464715  -529.08568962  -529.08652167  -529.08723536  -529.08769867  -529.08792158  -529.08796894 
max(|Fr_perp|)   :   0.00000000    0.00150796    0.01745610    0.00508378    0.00444939    0.00308961    0.00349667    0.00380942    0.00405909    0.00302687    0.00191007    0.00095489    0.00069082    0.00000000 
max(|Fsp_paral|) :   0.00000000    0.00248392    0.00090728    0.00139179    0.00000163    0.00070283    0.00022866    0.00096097    0.00191043    0.00008473    0.00121583    0.00013881    0.00079151    0.00000000 
max(|Fsp_perp|)  :   0.00000000    0.00002274    0.00009112    0.00211319    0.00098997    0.00013488    0.00011939    0.00066379    0.00026398    0.00091923    0.00007884    0.00011155    0.00002072    0.00000000 
max(|FNEB|)      :   0.00000000    0.00161938    0.01811226    0.00498626    0.00445102    0.00314589    0.00348030    0.00411482    0.00370814    0.00305134    0.00176661    0.00091020    0.00135103    0.00000000 
max(|Force|)     :   0.00070248    0.00135108    0.02900593    0.01951106    0.01059197    0.00788553    0.00431943    0.00405009    0.00429514    0.00353850    0.00230319    0.00135336    0.00085825    0.00073640 
ksp              :   0.10000000    0.10000000    0.10000000    0.10000000    0.10000000    0.10000000    0.10000000    0.10000000    0.10000000    0.10000000    0.10000000    0.10000000    0.10000000 
max(|step|)      :   0.00000000    0.00172142    0.01040501    0.00959532    0.00670677    0.00632780    0.00983013    0.01099633    0.00816966    0.00739881    0.00461649    0.00242431    0.00133030    0.00000000 
angle (deg.)     :    33.9629  15.0558  16.6837  23.8644  47.5947  38.8917  6.2395  7.0811  10.3659  10.8983  8.1986  8.9659 
>
